***  Installation Started 11/19/2011 16:33  ***
Title: CodeBase for Windows - FoxPro Stand Alone C/C++
Source: \\ZOOMMAX\MasterArchives\SoftwareArchives\SoftwareArchive\AppDownloads\Apps-A-M\CodeBase\cb6maint_fox_sa_cNov2011.exe
File Overwrite: C:\Windows\system32\oleaut32.dll
File Overwrite: C:\Windows\system32\olepro32.dll
File Overwrite: C:\Windows\system32\asycfilt.dll
File Overwrite: C:\Windows\system32\stdole2.tlb
File Overwrite: C:\Windows\system32\msvbvm60.dll
File Overwrite: C:\Windows\system32\comcat.dll
Version: Following file not copied.
File Overwrite: C:\Windows\system32\MSCOMCTL.OCX
Version: Following file not copied.
File Overwrite: C:\Windows\system32\COMDLG32.OCX
Made Dir: d:\codebase
File Copy: d:\codebase\UNWISE.EXE
RegDB Key: Software\Microsoft\Windows\CurrentVersion\Uninstall\CodeBase for Windows - FoxPro Multi User C/C++
RegDB Val: CodeBase for Windows - FoxPro Multi User C/C++
RegDB Name: DisplayName
RegDB Root: 2
RegDB Old: CodeBase for Windows - FoxPro Multi User C/C++
RegDB Key: Software\Microsoft\Windows\CurrentVersion\Uninstall\CodeBase for Windows - FoxPro Multi User C/C++
RegDB Val: D:\codebase\UNWISE.EXE D:\codebase\INSTALL.LOG
RegDB Name: UninstallString
RegDB Root: 2
RegDB Old: D:\codebase\UNWISE.EXE D:\codebase\INSTALL.LOG
Made Dir: D:\codebase\lib
Made Dir: D:\codebase\lib\sa
Made Dir: D:\codebase\lib\sa\dll32
File Copy: D:\codebase\lib\sa\dll32\c4dll.dll
File Copy: D:\codebase\lib\sa\dll32\zlib.dll
Made Dir: D:\codebase\lib\sa\msvc
File Copy: D:\codebase\lib\sa\msvc\c4dll.lib
File Copy: D:\codebase\lib\sa\msvc\C4LIB.LIB
File Copy: D:\codebase\lib\sa\msvc\c4class.lib
Made Dir: D:\codebase\cbadmin
File Copy: D:\codebase\cbadmin\c4dll.dll
File Copy: D:\codebase\cbadmin\CBADMIN.chm
File Copy: D:\codebase\cbadmin\CBAdmin.exe
File Copy: D:\codebase\cbadmin\encrypt4.dll
File Copy: D:\codebase\cbadmin\encrypt4u.dll
File Copy: D:\codebase\cbadmin\u4dll.dll
File Copy: D:\codebase\cbadmin\u4stamp.dll
File Copy: D:\codebase\cbadmin\zlib.dll
Made Dir: D:\codebase\build
Made Dir: D:\codebase\build\msvc
File Copy: D:\codebase\build\msvc\c4class.cmd
File Copy: D:\codebase\build\msvc\c4dll.cmd
File Copy: D:\codebase\build\msvc\c4dll_compile.cmd
File Copy: D:\codebase\build\msvc\c4dll_lib.lst
File Copy: D:\codebase\build\msvc\c4dll_link.cmd
File Copy: D:\codebase\build\msvc\c4lib.cmd
File Copy: D:\codebase\build\msvc\c4lib_compile.cmd
File Copy: D:\codebase\build\msvc\c4lib_link.cmd
File Copy: D:\codebase\build\msvc\c4source.lst
Made Dir: D:\codebase\source
File Copy: D:\codebase\source\b4block.c
File Copy: D:\codebase\source\B4NODE.C
File Copy: D:\codebase\source\c4.c
File Copy: D:\codebase\source\c4baspas.c
File Copy: D:\codebase\source\C4BCD.C
File Copy: D:\codebase\source\C4BLAST.C
File Copy: D:\codebase\source\c4buffer.c
File Copy: D:\codebase\source\C4CODE.C
File Copy: D:\codebase\source\c4com.c
File Copy: D:\codebase\source\c4com.h
File Copy: D:\codebase\source\c4comlow.h
File Copy: D:\codebase\source\C4COM2.C
File Copy: D:\codebase\source\C4COMWS.H
File Copy: D:\codebase\source\C4CONECT.C
File Copy: D:\codebase\source\c4conlow.c
File Copy: D:\codebase\source\C4CONST.C
File Copy: D:\codebase\source\C4DLL.RC
File Copy: D:\codebase\source\c4dll.RES
File Copy: D:\codebase\source\c4dll32.dEf
File Copy: D:\codebase\source\C4HOOK.C
File Copy: D:\codebase\source\c4long.c
File Copy: D:\codebase\source\c4send.c
File Copy: D:\codebase\source\c4set.c
File Copy: D:\codebase\source\c4source.lst
File Copy: D:\codebase\source\C4THREAD.C
File Copy: D:\codebase\source\c4trans.c
File Copy: D:\codebase\source\c4trans.H
File Copy: D:\codebase\source\c4util.c
File Copy: D:\codebase\source\COLL4ARR.C
File Copy: D:\codebase\source\D4ALL.H
File Copy: D:\codebase\source\d4all.hPp
File Copy: D:\codebase\source\D4APPEND.C
File Copy: D:\codebase\source\D4BOTTOM.C
File Copy: D:\codebase\source\d4close.c
File Copy: D:\codebase\source\D4CREATE.C
File Copy: D:\codebase\source\d4data.c
File Copy: D:\codebase\source\d4data.h
File Copy: D:\codebase\source\d4data.hPp
File Copy: D:\codebase\source\D4DATA_P.CPP
File Copy: D:\codebase\source\D4DATE.C
File Copy: D:\codebase\source\d4declar.h
File Copy: D:\codebase\source\d4defs.h
File Copy: D:\codebase\source\d4extra.c
File Copy: D:\codebase\source\d4field.c
File Copy: D:\codebase\source\d4file.c
File Copy: D:\codebase\source\D4FLUSH.C
File Copy: D:\codebase\source\D4FRESH.C
File Copy: D:\codebase\source\d4go.c
File Copy: D:\codebase\source\d4inc.h
File Copy: D:\codebase\source\d4index.c
File Copy: D:\codebase\source\D4INFO.C
File Copy: D:\codebase\source\D4INLINE.C
File Copy: D:\codebase\source\D4INLINE.H
File Copy: D:\codebase\source\d4lock.c
File Copy: D:\codebase\source\D4MODIFY.C
File Copy: D:\codebase\source\D4OPEN.C
File Copy: D:\codebase\source\D4OPT.C
File Copy: D:\codebase\source\d4pack.c
File Copy: D:\codebase\source\D4POSITI.C
File Copy: D:\codebase\source\D4REMOVE.C
File Copy: D:\codebase\source\D4SECURE.H
File Copy: D:\codebase\source\D4SEEK.C
File Copy: D:\codebase\source\d4skip.c
File Copy: D:\codebase\source\D4STAMP.H
File Copy: D:\codebase\source\D4TAG.C
File Copy: D:\codebase\source\D4TOP.C
File Copy: D:\codebase\source\d4unlock.c
File Copy: D:\codebase\source\D4WRITE.C
File Copy: D:\codebase\source\d4zap.c
File Copy: D:\codebase\source\df4lock.c
File Copy: D:\codebase\source\df4unlok.c
File Copy: D:\codebase\source\E4CALC.C
File Copy: D:\codebase\source\E4CALC_2.C
File Copy: D:\codebase\source\E4DEFS.H
File Copy: D:\codebase\source\e4error.c
File Copy: D:\codebase\source\e4error.h
File Copy: D:\codebase\source\E4EVENT.C
File Copy: D:\codebase\source\E4EXPR.C
File Copy: D:\codebase\source\e4expr.h
File Copy: D:\codebase\source\e4functi.c
File Copy: D:\codebase\source\e4not_s.c
File Copy: D:\codebase\source\e4parse.c
File Copy: D:\codebase\source\e4str2.c
File Copy: D:\codebase\source\e4string.c
File Copy: D:\codebase\source\e4string.h
File Copy: D:\codebase\source\e4string.HPP
File Copy: D:\codebase\source\f4ass_f.c
File Copy: D:\codebase\source\F4CHAR.C
File Copy: D:\codebase\source\f4close.c
File Copy: D:\codebase\source\f4create.c
File Copy: D:\codebase\source\F4CUR.C
File Copy: D:\codebase\source\F4DOUBLE.C
File Copy: D:\codebase\source\F4DTTIME.C
File Copy: D:\codebase\source\F4FIELD.C
File Copy: D:\codebase\source\f4file.c
File Copy: D:\codebase\source\F4FILESE.C
File Copy: D:\codebase\source\f4find.cPp
File Copy: D:\codebase\source\F4FLAG.C
File Copy: D:\codebase\source\F4FLAG.H
File Copy: D:\codebase\source\F4FLUSH.C
File Copy: D:\codebase\source\f4info.c
File Copy: D:\codebase\source\f4info_p.cPp
File Copy: D:\codebase\source\F4INT.C
File Copy: D:\codebase\source\f4lock.c
File Copy: D:\codebase\source\F4LONG.C
File Copy: D:\codebase\source\f4memo.c
File Copy: D:\codebase\source\F4NULL.C
File Copy: D:\codebase\source\f4open.c
File Copy: D:\codebase\source\f4opt.c
File Copy: D:\codebase\source\f4ptr.c
File Copy: D:\codebase\source\F4SEQ.CPP
File Copy: D:\codebase\source\F4STR.C
File Copy: D:\codebase\source\F4TEMP.C
File Copy: D:\codebase\source\F4TRUE.C
File Copy: D:\codebase\source\f4write.c
File Copy: D:\codebase\source\F4WSTR.C
File Copy: D:\codebase\source\i4add.c
File Copy: D:\codebase\source\i4addtag.c
File Copy: D:\codebase\source\i4check.c
File Copy: D:\codebase\source\i4conv.c
File Copy: D:\codebase\source\i4create.c
File Copy: D:\codebase\source\I4DUMP.C
File Copy: D:\codebase\source\i4index.c
File Copy: D:\codebase\source\i4info.c
File Copy: D:\codebase\source\i4init.c
File Copy: D:\codebase\source\I4KEY.C
File Copy: D:\codebase\source\I4LOCK.C
File Copy: D:\codebase\source\i4ntag.c
File Copy: D:\codebase\source\I4POSITI.C
File Copy: D:\codebase\source\i4remove.c
File Copy: D:\codebase\source\I4TAG.C
File Copy: D:\codebase\source\I4THREAD.C
File Copy: D:\codebase\source\L4LINK.C
File Copy: D:\codebase\source\L4LOCK_C.C
File Copy: D:\codebase\source\l4mutex.c
File Copy: D:\codebase\source\log5.cPp
File Copy: D:\codebase\source\M4CHECK.C
File Copy: D:\codebase\source\m4create.c
File Copy: D:\codebase\source\m4file.c
File Copy: D:\codebase\source\m4map.c
File Copy: D:\codebase\source\m4memo.c
File Copy: D:\codebase\source\m4memory.c
File Copy: D:\codebase\source\M4MEM2.C
File Copy: D:\codebase\source\M4MEM2.H
File Copy: D:\codebase\source\o4opt.c
File Copy: D:\codebase\source\O4OPT.H
File Copy: D:\codebase\source\POP4.H
File Copy: D:\codebase\source\PUSH4.H
File Copy: D:\codebase\source\R4AREA.C
File Copy: D:\codebase\source\R4BIT.C
File Copy: D:\codebase\source\R4DRIVE2.C
File Copy: D:\codebase\source\R4DRIVER.C
File Copy: D:\codebase\source\R4GROUP.C
File Copy: D:\codebase\source\r4log.c
File Copy: D:\codebase\source\R4OBJ.C
File Copy: D:\codebase\source\R4REGS.C
File Copy: D:\codebase\source\r4reinde.c
File Copy: D:\codebase\source\R4REINDE.H
File Copy: D:\codebase\source\R4REINDX.C
File Copy: D:\codebase\source\r4relate.c
File Copy: D:\codebase\source\R4RELATE.H
File Copy: D:\codebase\source\R4REPORT.C
File Copy: D:\codebase\source\R4REPORT.H
File Copy: D:\codebase\source\r4save.c
File Copy: D:\codebase\source\R4SAVE_2.C
File Copy: D:\codebase\source\R4STYLE.C
File Copy: D:\codebase\source\R4TOTAL.C
File Copy: D:\codebase\source\S4INIT.C
File Copy: D:\codebase\source\S4INITFR.C
File Copy: D:\codebase\source\S4NEXT.C
File Copy: D:\codebase\source\S4QUICK.C
File Copy: D:\codebase\source\S4SIGNAL.C
File Copy: D:\codebase\source\s4sort.c
File Copy: D:\codebase\source\S4SORT.H
File Copy: D:\codebase\source\s4stamp.cPp
File Copy: D:\codebase\source\s4str.cPp
File Copy: D:\codebase\source\s4string.cPp
File Copy: D:\codebase\source\sema4.c
File Copy: D:\codebase\source\SINGLE4.HPP
File Copy: D:\codebase\source\STAMP5.HPP
File Copy: D:\codebase\source\TIMER5.H
File Copy: D:\codebase\source\t4info.cPp
File Copy: D:\codebase\source\u4name.c
File Copy: D:\codebase\source\u4util.c
File Copy: D:\codebase\source\util5.cPp
File Copy: D:\codebase\source\util5.hPp
File Copy: D:\codebase\source\zconf.h
File Copy: D:\codebase\source\zlib.h
File Copy: D:\codebase\source\zlib.lib
Made Dir: D:\codebase\books
File Copy: D:\codebase\books\CPP_Reference_Guide.chm
File Copy: D:\codebase\books\CPP_User_Guide.chm
File Copy: D:\codebase\books\C_Reference_Guide.chm
File Copy: D:\codebase\books\C_Users_Guide.chm
File Copy: D:\codebase\books\Getting_Started_Manual.chm
Made Dir: D:\codebase\examples
Made Dir: D:\codebase\examples\DATA
File Copy: D:\codebase\examples\DATA\BANK.CDX
File Copy: D:\codebase\examples\DATA\BANK.DBF
File Copy: D:\codebase\examples\DATA\BUILDING.CDX
File Copy: D:\codebase\examples\DATA\BUILDING.DBF
File Copy: D:\codebase\examples\DATA\CITIES.DBF
File Copy: D:\codebase\examples\DATA\CLASSES.CDX
File Copy: D:\codebase\examples\DATA\CLASSES.DBF
File Copy: D:\codebase\examples\DATA\DATA.CDX
File Copy: D:\codebase\examples\DATA\DATA.DBF
File Copy: D:\codebase\examples\DATA\DATA1.CDX
File Copy: D:\codebase\examples\DATA\DATA1.DBF
File Copy: D:\codebase\examples\DATA\DATA1.FPT
File Copy: D:\codebase\examples\DATA\DATA2.DBF
File Copy: D:\codebase\examples\DATA\DATA3.DBF
File Copy: D:\codebase\examples\DATA\DATA3.FPT
File Copy: D:\codebase\examples\DATA\DATABASE.DBF
File Copy: D:\codebase\examples\DATA\DATAFILE.CDX
File Copy: D:\codebase\examples\DATA\DATAFILE.DBF
File Copy: D:\codebase\examples\DATA\DATEFILE.DBF
File Copy: D:\codebase\examples\DATA\DBF.CDX
File Copy: D:\codebase\examples\DATA\DBF.DBF
File Copy: D:\codebase\examples\DATA\DB_NAME.DBF
File Copy: D:\codebase\examples\DATA\EMPLOYEE.CDX
File Copy: D:\codebase\examples\DATA\EMPLOYEE.DBF
File Copy: D:\codebase\examples\DATA\ENROLL.CDX
File Copy: D:\codebase\examples\DATA\ENROLL.DBF
File Copy: D:\codebase\examples\DATA\EXAMPLE.CDX
File Copy: D:\codebase\examples\DATA\EXAMPLE.DBF
File Copy: D:\codebase\examples\DATA\EXAMPLE.FPT
File Copy: D:\codebase\examples\DATA\FILE.CDX
File Copy: D:\codebase\examples\DATA\FILE.DBF
File Copy: D:\codebase\examples\DATA\FILE.FPT
File Copy: D:\codebase\examples\DATA\FOXUSER.DBF
File Copy: D:\codebase\examples\DATA\FOXUSER.FPT
File Copy: D:\codebase\examples\DATA\FROM_DB.CDX
File Copy: D:\codebase\examples\DATA\FROM_DB.DBF
File Copy: D:\codebase\examples\DATA\FROM_DBF.DBF
File Copy: D:\codebase\examples\DATA\INFO.CDX
File Copy: D:\codebase\examples\DATA\INFO.DBF
File Copy: D:\codebase\examples\DATA\INFO1.CDX
File Copy: D:\codebase\examples\DATA\INFO1.DBF
File Copy: D:\codebase\examples\DATA\INFO2.CDX
File Copy: D:\codebase\examples\DATA\INVENT.CDX
File Copy: D:\codebase\examples\DATA\INVENT.DBF
File Copy: D:\codebase\examples\DATA\LOCKING.DBF
File Copy: D:\codebase\examples\DATA\M1.DBF
File Copy: D:\codebase\examples\DATA\MAILING.CDX
File Copy: D:\codebase\examples\DATA\MAILING.DBF
File Copy: D:\codebase\examples\DATA\MY_FILE.DBF
File Copy: D:\codebase\examples\DATA\NAME.CDX
File Copy: D:\codebase\examples\DATA\NAMES.CDX
File Copy: D:\codebase\examples\DATA\NAMES.DBF
File Copy: D:\codebase\examples\DATA\NEWDBF.DBF
File Copy: D:\codebase\examples\DATA\NO_FILE.DBF
File Copy: D:\codebase\examples\DATA\OFFICE.CDX
File Copy: D:\codebase\examples\DATA\OFFICE.DBF
File Copy: D:\codebase\examples\DATA\PASS.FIL
File Copy: D:\codebase\examples\DATA\PEOPLE.CDX
File Copy: D:\codebase\examples\DATA\PEOPLE.DBF
File Copy: D:\codebase\examples\DATA\PEOPLE.FPT
File Copy: D:\codebase\examples\DATA\PERSON.CDX
File Copy: D:\codebase\examples\DATA\PERSON.DBF
File Copy: D:\codebase\examples\DATA\PERSON2.CDX
File Copy: D:\codebase\examples\DATA\PERSON2.DBF
File Copy: D:\codebase\examples\DATA\SAMPLE.CDX
File Copy: D:\codebase\examples\DATA\SAMPLE.DBF
File Copy: D:\codebase\examples\DATA\SAMPLE2.CDX
File Copy: D:\codebase\examples\DATA\SAMPLE2.DBF
File Copy: D:\codebase\examples\DATA\SHOWDATA.DBF
File Copy: D:\codebase\examples\DATA\SL1.CDX
File Copy: D:\codebase\examples\DATA\SL1.DBF
File Copy: D:\codebase\examples\DATA\SL2.CDX
File Copy: D:\codebase\examples\DATA\SL2.DBF
File Copy: D:\codebase\examples\DATA\SL3.CDX
File Copy: D:\codebase\examples\DATA\SL3.DBF
File Copy: D:\codebase\examples\DATA\SL4.CDX
File Copy: D:\codebase\examples\DATA\SL4.DBF
File Copy: D:\codebase\examples\DATA\STUDENT.CDX
File Copy: D:\codebase\examples\DATA\STUDENT.DBF
File Copy: D:\codebase\examples\DATA\STUDENT2.CDX
File Copy: D:\codebase\examples\DATA\TEMP.FIL
File Copy: D:\codebase\examples\DATA\TEST.CDX
File Copy: D:\codebase\examples\DATA\TEST.DBF
File Copy: D:\codebase\examples\DATA\TEST.FIL
File Copy: D:\codebase\examples\DATA\TEXT.FIL
File Copy: D:\codebase\examples\DATA\TO_DB.DBF
File Copy: D:\codebase\examples\DATA\TO_DBF.DBF
File Copy: D:\codebase\examples\DATA\VALUES.DBF
Made Dir: D:\codebase\examples\Projects
Made Dir: D:\codebase\examples\Projects\msc60
File Copy: D:\codebase\examples\Projects\msc60\C4AP.BAT
File Copy: D:\codebase\examples\Projects\msc60\C4ap.dsp
File Copy: D:\codebase\examples\Projects\msc60\C4AP_WIN.BAT
File Copy: D:\codebase\examples\Projects\msc60\C4AP_WIN.DEF
File Copy: D:\codebase\examples\Projects\msc60\C4ap_win.dsp
Made Dir: D:\codebase\examples\source
Made Dir: D:\codebase\examples\source\C
File Copy: D:\codebase\examples\source\C\APPEND.C
File Copy: D:\codebase\examples\source\C\BANK.C
File Copy: D:\codebase\examples\source\C\CAPIEG.C
File Copy: D:\codebase\examples\source\C\COPYDAT2.C
File Copy: D:\codebase\examples\source\C\COPYDATA.C
File Copy: D:\codebase\examples\source\C\CUSTLIST.C
File Copy: D:\codebase\examples\source\C\D4TEST.C
File Copy: D:\codebase\examples\source\C\D4VERIFY.C
File Copy: D:\codebase\examples\source\C\DATAINFO.C
File Copy: D:\codebase\examples\source\C\DATE1.C
File Copy: D:\codebase\examples\source\C\DELETION.C
File Copy: D:\codebase\examples\source\C\EX0.C
File Copy: D:\codebase\examples\source\C\EX1.C
File Copy: D:\codebase\examples\source\C\EX10.C
File Copy: D:\codebase\examples\source\C\EX100.C
File Copy: D:\codebase\examples\source\C\EX101.C
File Copy: D:\codebase\examples\source\C\EX102.C
File Copy: D:\codebase\examples\source\C\EX103.C
File Copy: D:\codebase\examples\source\C\EX104.C
File Copy: D:\codebase\examples\source\C\EX105.C
File Copy: D:\codebase\examples\source\C\EX106.C
File Copy: D:\codebase\examples\source\C\EX107.C
File Copy: D:\codebase\examples\source\C\EX108.C
File Copy: D:\codebase\examples\source\C\EX109.C
File Copy: D:\codebase\examples\source\C\EX11.C
File Copy: D:\codebase\examples\source\C\EX110.C
File Copy: D:\codebase\examples\source\C\EX111.C
File Copy: D:\codebase\examples\source\C\EX112.C
File Copy: D:\codebase\examples\source\C\EX113.C
File Copy: D:\codebase\examples\source\C\EX114.C
File Copy: D:\codebase\examples\source\C\EX115.C
File Copy: D:\codebase\examples\source\C\EX116.C
File Copy: D:\codebase\examples\source\C\EX117.C
File Copy: D:\codebase\examples\source\C\EX118.C
File Copy: D:\codebase\examples\source\C\EX119.C
File Copy: D:\codebase\examples\source\C\EX12.C
File Copy: D:\codebase\examples\source\C\EX120.C
File Copy: D:\codebase\examples\source\C\EX121.C
File Copy: D:\codebase\examples\source\C\EX122.C
File Copy: D:\codebase\examples\source\C\EX123.C
File Copy: D:\codebase\examples\source\C\EX124.C
File Copy: D:\codebase\examples\source\C\EX125.C
File Copy: D:\codebase\examples\source\C\EX126.C
File Copy: D:\codebase\examples\source\C\EX127.C
File Copy: D:\codebase\examples\source\C\EX128.C
File Copy: D:\codebase\examples\source\C\EX129.C
File Copy: D:\codebase\examples\source\C\EX13.C
File Copy: D:\codebase\examples\source\C\ex130.c
File Copy: D:\codebase\examples\source\C\ex131.c
File Copy: D:\codebase\examples\source\C\EX14.C
File Copy: D:\codebase\examples\source\C\EX15.C
File Copy: D:\codebase\examples\source\C\EX16.C
File Copy: D:\codebase\examples\source\C\EX17.C
File Copy: D:\codebase\examples\source\C\EX18.C
File Copy: D:\codebase\examples\source\C\EX19.C
File Copy: D:\codebase\examples\source\C\EX2.C
File Copy: D:\codebase\examples\source\C\EX20.C
File Copy: D:\codebase\examples\source\C\EX21.C
File Copy: D:\codebase\examples\source\C\EX22.C
File Copy: D:\codebase\examples\source\C\EX23.C
File Copy: D:\codebase\examples\source\C\EX24.C
File Copy: D:\codebase\examples\source\C\EX25.C
File Copy: D:\codebase\examples\source\C\EX26.C
File Copy: D:\codebase\examples\source\C\EX27.C
File Copy: D:\codebase\examples\source\C\EX28.C
File Copy: D:\codebase\examples\source\C\EX29.C
File Copy: D:\codebase\examples\source\C\EX2A.C
File Copy: D:\codebase\examples\source\C\EX3.C
File Copy: D:\codebase\examples\source\C\EX30.C
File Copy: D:\codebase\examples\source\C\EX31.C
File Copy: D:\codebase\examples\source\C\EX32.C
File Copy: D:\codebase\examples\source\C\EX33.C
File Copy: D:\codebase\examples\source\C\EX34.C
File Copy: D:\codebase\examples\source\C\EX35.C
File Copy: D:\codebase\examples\source\C\EX36.C
File Copy: D:\codebase\examples\source\C\EX37.C
File Copy: D:\codebase\examples\source\C\EX38.C
File Copy: D:\codebase\examples\source\C\EX39.C
File Copy: D:\codebase\examples\source\C\EX4.C
File Copy: D:\codebase\examples\source\C\EX40.C
File Copy: D:\codebase\examples\source\C\EX41.C
File Copy: D:\codebase\examples\source\C\EX42.C
File Copy: D:\codebase\examples\source\C\EX43.C
File Copy: D:\codebase\examples\source\C\EX44.C
File Copy: D:\codebase\examples\source\C\EX45.C
File Copy: D:\codebase\examples\source\C\EX46.C
File Copy: D:\codebase\examples\source\C\EX47.C
File Copy: D:\codebase\examples\source\C\EX48.C
File Copy: D:\codebase\examples\source\C\EX49.C
File Copy: D:\codebase\examples\source\C\EX5.C
File Copy: D:\codebase\examples\source\C\EX50.C
File Copy: D:\codebase\examples\source\C\EX51.C
File Copy: D:\codebase\examples\source\C\EX52.C
File Copy: D:\codebase\examples\source\C\EX53.C
File Copy: D:\codebase\examples\source\C\EX54.C
File Copy: D:\codebase\examples\source\C\EX55.C
File Copy: D:\codebase\examples\source\C\EX56.C
File Copy: D:\codebase\examples\source\C\EX57.C
File Copy: D:\codebase\examples\source\C\EX58.C
File Copy: D:\codebase\examples\source\C\EX59.C
File Copy: D:\codebase\examples\source\C\EX6.C
File Copy: D:\codebase\examples\source\C\EX60.C
File Copy: D:\codebase\examples\source\C\EX61.C
File Copy: D:\codebase\examples\source\C\EX62.C
File Copy: D:\codebase\examples\source\C\EX63.C
File Copy: D:\codebase\examples\source\C\EX64.C
File Copy: D:\codebase\examples\source\C\EX65.C
File Copy: D:\codebase\examples\source\C\EX66.C
File Copy: D:\codebase\examples\source\C\EX67.C
File Copy: D:\codebase\examples\source\C\EX68.C
File Copy: D:\codebase\examples\source\C\EX69.C
File Copy: D:\codebase\examples\source\C\EX7.C
File Copy: D:\codebase\examples\source\C\EX70.C
File Copy: D:\codebase\examples\source\C\EX71.C
File Copy: D:\codebase\examples\source\C\EX72.C
File Copy: D:\codebase\examples\source\C\EX73.C
File Copy: D:\codebase\examples\source\C\EX74.C
File Copy: D:\codebase\examples\source\C\EX75.C
File Copy: D:\codebase\examples\source\C\EX76.C
File Copy: D:\codebase\examples\source\C\ex77.c
File Copy: D:\codebase\examples\source\C\EX78.C
File Copy: D:\codebase\examples\source\C\EX79.C
File Copy: D:\codebase\examples\source\C\EX8.C
File Copy: D:\codebase\examples\source\C\EX80.C
File Copy: D:\codebase\examples\source\C\EX81.C
File Copy: D:\codebase\examples\source\C\EX82.C
File Copy: D:\codebase\examples\source\C\EX83.C
File Copy: D:\codebase\examples\source\C\EX84.C
File Copy: D:\codebase\examples\source\C\EX85.C
File Copy: D:\codebase\examples\source\C\EX86.C
File Copy: D:\codebase\examples\source\C\EX87.C
File Copy: D:\codebase\examples\source\C\EX88.C
File Copy: D:\codebase\examples\source\C\EX89.C
File Copy: D:\codebase\examples\source\C\EX9.C
File Copy: D:\codebase\examples\source\C\EX90.C
File Copy: D:\codebase\examples\source\C\EX91.C
File Copy: D:\codebase\examples\source\C\EX92.C
File Copy: D:\codebase\examples\source\C\EX93.C
File Copy: D:\codebase\examples\source\C\EX94.C
File Copy: D:\codebase\examples\source\C\EX95.C
File Copy: D:\codebase\examples\source\C\EX96.C
File Copy: D:\codebase\examples\source\C\EX97.C
File Copy: D:\codebase\examples\source\C\EX98.C
File Copy: D:\codebase\examples\source\C\EX99.C
File Copy: D:\codebase\examples\source\C\LIST1.C
File Copy: D:\codebase\examples\source\C\LIST2.C
File Copy: D:\codebase\examples\source\C\MULTI.C
File Copy: D:\codebase\examples\source\C\NEWLIST.C
File Copy: D:\codebase\examples\source\C\NEWLIST2.C
File Copy: D:\codebase\examples\source\C\NOGROUP1.C
File Copy: D:\codebase\examples\source\C\NOGROUP2.C
File Copy: D:\codebase\examples\source\C\RELATE1.C
File Copy: D:\codebase\examples\source\C\RELATE2.C
File Copy: D:\codebase\examples\source\C\RELATE3.C
File Copy: D:\codebase\examples\source\C\RELATE4.C
File Copy: D:\codebase\examples\source\C\SEEKER.C
File Copy: D:\codebase\examples\source\C\SHOWDAT2.C
File Copy: D:\codebase\examples\source\C\SHOWDATA.C
File Copy: D:\codebase\examples\source\C\SHOWLST2.C
File Copy: D:\codebase\examples\source\C\TLIBWORK.TRK
File Copy: D:\codebase\examples\source\C\TO_DBF.C
File Copy: D:\codebase\examples\source\C\TRANSFER.C
File Copy: D:\codebase\examples\source\C\VALUES.C
File Copy: D:\codebase\examples\source\C\W4TEST.C
File Copy: D:\codebase\examples\source\C\W4VERIFY.C
Made Dir: D:\codebase\examples\source\CPP
File Copy: D:\codebase\examples\source\CPP\APPEND.CPP
File Copy: D:\codebase\examples\source\CPP\BANK.CPP
File Copy: D:\codebase\examples\source\CPP\CHAP14EG.CPP
File Copy: D:\codebase\examples\source\CPP\COPYDAT2.CPP
File Copy: D:\codebase\examples\source\CPP\COPYDATA.CPP
File Copy: D:\codebase\examples\source\CPP\CPPEG.CPP
File Copy: D:\codebase\examples\source\CPP\CUSTLIST.CPP
File Copy: D:\codebase\examples\source\CPP\D4TEST.CPP
File Copy: D:\codebase\examples\source\CPP\D4VERIFY.CPP
File Copy: D:\codebase\examples\source\CPP\DATAINFO.CPP
File Copy: D:\codebase\examples\source\CPP\DATE1.CPP
File Copy: D:\codebase\examples\source\CPP\DELETION.CPP
File Copy: D:\codebase\examples\source\CPP\EX0.CPP
File Copy: D:\codebase\examples\source\CPP\EX1.CPP
File Copy: D:\codebase\examples\source\CPP\EX10.CPP
File Copy: D:\codebase\examples\source\CPP\EX100.CPP
File Copy: D:\codebase\examples\source\CPP\EX101.CPP
File Copy: D:\codebase\examples\source\CPP\EX102.CPP
File Copy: D:\codebase\examples\source\CPP\EX103.CPP
File Copy: D:\codebase\examples\source\CPP\EX104.CPP
File Copy: D:\codebase\examples\source\CPP\EX105.CPP
File Copy: D:\codebase\examples\source\CPP\EX106.CPP
File Copy: D:\codebase\examples\source\CPP\EX107.CPP
File Copy: D:\codebase\examples\source\CPP\EX108.CPP
File Copy: D:\codebase\examples\source\CPP\EX109.CPP
File Copy: D:\codebase\examples\source\CPP\EX11.CPP
File Copy: D:\codebase\examples\source\CPP\EX110.CPP
File Copy: D:\codebase\examples\source\CPP\EX111.CPP
File Copy: D:\codebase\examples\source\CPP\EX112.CPP
File Copy: D:\codebase\examples\source\CPP\EX113.CPP
File Copy: D:\codebase\examples\source\CPP\EX114.CPP
File Copy: D:\codebase\examples\source\CPP\EX115.CPP
File Copy: D:\codebase\examples\source\CPP\EX116.CPP
File Copy: D:\codebase\examples\source\CPP\EX117.CPP
File Copy: D:\codebase\examples\source\CPP\EX118.CPP
File Copy: D:\codebase\examples\source\CPP\EX119.CPP
File Copy: D:\codebase\examples\source\CPP\EX12.CPP
File Copy: D:\codebase\examples\source\CPP\EX120.CPP
File Copy: D:\codebase\examples\source\CPP\EX121.CPP
File Copy: D:\codebase\examples\source\CPP\EX122.CPP
File Copy: D:\codebase\examples\source\CPP\EX123.CPP
File Copy: D:\codebase\examples\source\CPP\EX124.CPP
File Copy: D:\codebase\examples\source\CPP\EX125.CPP
File Copy: D:\codebase\examples\source\CPP\EX126.CPP
File Copy: D:\codebase\examples\source\CPP\EX127.CPP
File Copy: D:\codebase\examples\source\CPP\EX128.CPP
File Copy: D:\codebase\examples\source\CPP\EX129.CPP
File Copy: D:\codebase\examples\source\CPP\EX13.CPP
File Copy: D:\codebase\examples\source\CPP\EX130.CPP
File Copy: D:\codebase\examples\source\CPP\EX131.CPP
File Copy: D:\codebase\examples\source\CPP\EX132.CPP
File Copy: D:\codebase\examples\source\CPP\EX133.CPP
File Copy: D:\codebase\examples\source\CPP\EX134.CPP
File Copy: D:\codebase\examples\source\CPP\EX135.CPP
File Copy: D:\codebase\examples\source\CPP\EX136.CPP
File Copy: D:\codebase\examples\source\CPP\EX137.CPP
File Copy: D:\codebase\examples\source\CPP\EX138.CPP
File Copy: D:\codebase\examples\source\CPP\EX139.CPP
File Copy: D:\codebase\examples\source\CPP\EX14.CPP
File Copy: D:\codebase\examples\source\CPP\EX140.CPP
File Copy: D:\codebase\examples\source\CPP\EX141.CPP
File Copy: D:\codebase\examples\source\CPP\EX142.CPP
File Copy: D:\codebase\examples\source\CPP\EX143.CPP
File Copy: D:\codebase\examples\source\CPP\EX144.CPP
File Copy: D:\codebase\examples\source\CPP\EX145.CPP
File Copy: D:\codebase\examples\source\CPP\EX146.CPP
File Copy: D:\codebase\examples\source\CPP\EX147.CPP
File Copy: D:\codebase\examples\source\CPP\EX148.CPP
File Copy: D:\codebase\examples\source\CPP\EX149.CPP
File Copy: D:\codebase\examples\source\CPP\EX15.CPP
File Copy: D:\codebase\examples\source\CPP\EX150.CPP
File Copy: D:\codebase\examples\source\CPP\EX151.CPP
File Copy: D:\codebase\examples\source\CPP\EX152.CPP
File Copy: D:\codebase\examples\source\CPP\EX153.CPP
File Copy: D:\codebase\examples\source\CPP\EX154.CPP
File Copy: D:\codebase\examples\source\CPP\EX155.CPP
File Copy: D:\codebase\examples\source\CPP\EX156.CPP
File Copy: D:\codebase\examples\source\CPP\EX157.CPP
File Copy: D:\codebase\examples\source\CPP\EX158.CPP
File Copy: D:\codebase\examples\source\CPP\EX159.CPP
File Copy: D:\codebase\examples\source\CPP\EX16.CPP
File Copy: D:\codebase\examples\source\CPP\EX160.CPP
File Copy: D:\codebase\examples\source\CPP\EX161.CPP
File Copy: D:\codebase\examples\source\CPP\EX162.CPP
File Copy: D:\codebase\examples\source\CPP\EX163.CPP
File Copy: D:\codebase\examples\source\CPP\EX164.CPP
File Copy: D:\codebase\examples\source\CPP\EX165.CPP
File Copy: D:\codebase\examples\source\CPP\EX166.CPP
File Copy: D:\codebase\examples\source\CPP\EX167.CPP
File Copy: D:\codebase\examples\source\CPP\EX168.CPP
File Copy: D:\codebase\examples\source\CPP\EX169.CPP
File Copy: D:\codebase\examples\source\CPP\EX17.CPP
File Copy: D:\codebase\examples\source\CPP\EX170.CPP
File Copy: D:\codebase\examples\source\CPP\EX171.CPP
File Copy: D:\codebase\examples\source\CPP\EX172.CPP
File Copy: D:\codebase\examples\source\CPP\EX173.CPP
File Copy: D:\codebase\examples\source\CPP\EX174.CPP
File Copy: D:\codebase\examples\source\CPP\EX175.CPP
File Copy: D:\codebase\examples\source\CPP\EX176.CPP
File Copy: D:\codebase\examples\source\CPP\EX177.CPP
File Copy: D:\codebase\examples\source\CPP\EX178.CPP
File Copy: D:\codebase\examples\source\CPP\EX179.CPP
File Copy: D:\codebase\examples\source\CPP\EX18.CPP
File Copy: D:\codebase\examples\source\CPP\EX180.CPP
File Copy: D:\codebase\examples\source\CPP\EX181.CPP
File Copy: D:\codebase\examples\source\CPP\EX182.CPP
File Copy: D:\codebase\examples\source\CPP\EX183.CPP
File Copy: D:\codebase\examples\source\CPP\EX184.CPP
File Copy: D:\codebase\examples\source\CPP\EX185.CPP
File Copy: D:\codebase\examples\source\CPP\EX186.CPP
File Copy: D:\codebase\examples\source\CPP\EX187.CPP
File Copy: D:\codebase\examples\source\CPP\EX188.CPP
File Copy: D:\codebase\examples\source\CPP\ex189.cpp
File Copy: D:\codebase\examples\source\CPP\EX19.CPP
File Copy: D:\codebase\examples\source\CPP\ex190.cpp
File Copy: D:\codebase\examples\source\CPP\EX2.CPP
File Copy: D:\codebase\examples\source\CPP\EX20.CPP
File Copy: D:\codebase\examples\source\CPP\EX21.CPP
File Copy: D:\codebase\examples\source\CPP\EX22.CPP
File Copy: D:\codebase\examples\source\CPP\EX23.CPP
File Copy: D:\codebase\examples\source\CPP\EX24.CPP
File Copy: D:\codebase\examples\source\CPP\EX25.CPP
File Copy: D:\codebase\examples\source\CPP\EX26.CPP
File Copy: D:\codebase\examples\source\CPP\EX27.CPP
File Copy: D:\codebase\examples\source\CPP\EX28.CPP
File Copy: D:\codebase\examples\source\CPP\EX29.CPP
File Copy: D:\codebase\examples\source\CPP\EX3.CPP
File Copy: D:\codebase\examples\source\CPP\EX30.CPP
File Copy: D:\codebase\examples\source\CPP\EX31.CPP
File Copy: D:\codebase\examples\source\CPP\EX32.CPP
File Copy: D:\codebase\examples\source\CPP\EX33.CPP
File Copy: D:\codebase\examples\source\CPP\EX34.CPP
File Copy: D:\codebase\examples\source\CPP\EX35.CPP
File Copy: D:\codebase\examples\source\CPP\EX36.CPP
File Copy: D:\codebase\examples\source\CPP\EX37.CPP
File Copy: D:\codebase\examples\source\CPP\EX38.CPP
File Copy: D:\codebase\examples\source\CPP\EX39.CPP
File Copy: D:\codebase\examples\source\CPP\EX4.CPP
File Copy: D:\codebase\examples\source\CPP\EX40.CPP
File Copy: D:\codebase\examples\source\CPP\EX41.CPP
File Copy: D:\codebase\examples\source\CPP\EX42.CPP
File Copy: D:\codebase\examples\source\CPP\EX43.CPP
File Copy: D:\codebase\examples\source\CPP\EX44.CPP
File Copy: D:\codebase\examples\source\CPP\EX45.CPP
File Copy: D:\codebase\examples\source\CPP\EX46.CPP
File Copy: D:\codebase\examples\source\CPP\EX47.CPP
File Copy: D:\codebase\examples\source\CPP\EX48.CPP
File Copy: D:\codebase\examples\source\CPP\EX49.CPP
File Copy: D:\codebase\examples\source\CPP\EX5.CPP
File Copy: D:\codebase\examples\source\CPP\EX50.CPP
File Copy: D:\codebase\examples\source\CPP\EX51.CPP
File Copy: D:\codebase\examples\source\CPP\EX52.CPP
File Copy: D:\codebase\examples\source\CPP\EX53.CPP
File Copy: D:\codebase\examples\source\CPP\EX54.CPP
File Copy: D:\codebase\examples\source\CPP\EX55.CPP
File Copy: D:\codebase\examples\source\CPP\EX56.CPP
File Copy: D:\codebase\examples\source\CPP\EX57.CPP
File Copy: D:\codebase\examples\source\CPP\EX58.CPP
File Copy: D:\codebase\examples\source\CPP\EX59.CPP
File Copy: D:\codebase\examples\source\CPP\EX6.CPP
File Copy: D:\codebase\examples\source\CPP\EX60.CPP
File Copy: D:\codebase\examples\source\CPP\EX61.CPP
File Copy: D:\codebase\examples\source\CPP\EX62.CPP
File Copy: D:\codebase\examples\source\CPP\EX63.CPP
File Copy: D:\codebase\examples\source\CPP\EX64.CPP
File Copy: D:\codebase\examples\source\CPP\EX65.CPP
File Copy: D:\codebase\examples\source\CPP\EX66.CPP
File Copy: D:\codebase\examples\source\CPP\EX67.CPP
File Copy: D:\codebase\examples\source\CPP\EX68.CPP
File Copy: D:\codebase\examples\source\CPP\EX69.CPP
File Copy: D:\codebase\examples\source\CPP\EX7.CPP
File Copy: D:\codebase\examples\source\CPP\EX70.CPP
File Copy: D:\codebase\examples\source\CPP\EX71.CPP
File Copy: D:\codebase\examples\source\CPP\EX74.CPP
File Copy: D:\codebase\examples\source\CPP\EX75.CPP
File Copy: D:\codebase\examples\source\CPP\EX76.CPP
File Copy: D:\codebase\examples\source\CPP\EX77.CPP
File Copy: D:\codebase\examples\source\CPP\EX78.CPP
File Copy: D:\codebase\examples\source\CPP\EX79.CPP
File Copy: D:\codebase\examples\source\CPP\EX8.CPP
File Copy: D:\codebase\examples\source\CPP\EX80.CPP
File Copy: D:\codebase\examples\source\CPP\EX81.CPP
File Copy: D:\codebase\examples\source\CPP\EX82.CPP
File Copy: D:\codebase\examples\source\CPP\EX83.CPP
File Copy: D:\codebase\examples\source\CPP\EX84.CPP
File Copy: D:\codebase\examples\source\CPP\EX85.CPP
File Copy: D:\codebase\examples\source\CPP\EX86.CPP
File Copy: D:\codebase\examples\source\CPP\EX87.CPP
File Copy: D:\codebase\examples\source\CPP\EX88.CPP
File Copy: D:\codebase\examples\source\CPP\EX89.CPP
File Copy: D:\codebase\examples\source\CPP\EX9.CPP
File Copy: D:\codebase\examples\source\CPP\EX90.CPP
File Copy: D:\codebase\examples\source\CPP\EX91.CPP
File Copy: D:\codebase\examples\source\CPP\EX92.CPP
File Copy: D:\codebase\examples\source\CPP\EX93.CPP
File Copy: D:\codebase\examples\source\CPP\EX94.CPP
File Copy: D:\codebase\examples\source\CPP\EX95.CPP
File Copy: D:\codebase\examples\source\CPP\EX96.CPP
File Copy: D:\codebase\examples\source\CPP\EX97.CPP
File Copy: D:\codebase\examples\source\CPP\EX98.CPP
File Copy: D:\codebase\examples\source\CPP\EX99.CPP
File Copy: D:\codebase\examples\source\CPP\GEN4.CPP
File Copy: D:\codebase\examples\source\CPP\LIST1.CPP
File Copy: D:\codebase\examples\source\CPP\LIST2.CPP
File Copy: D:\codebase\examples\source\CPP\MULTI.CPP
File Copy: D:\codebase\examples\source\CPP\NEWLIST.CPP
File Copy: D:\codebase\examples\source\CPP\NEWLIST2.CPP
File Copy: D:\codebase\examples\source\CPP\NEWSEEK.CPP
File Copy: D:\codebase\examples\source\CPP\NOGROUP.CPP
File Copy: D:\codebase\examples\source\CPP\NOGROUP2.CPP
File Copy: D:\codebase\examples\source\CPP\RELATE1.CPP
File Copy: D:\codebase\examples\source\CPP\RELATE2.CPP
File Copy: D:\codebase\examples\source\CPP\RELATE3.CPP
File Copy: D:\codebase\examples\source\CPP\RELATE4.CPP
File Copy: D:\codebase\examples\source\CPP\SEEKER.CPP
File Copy: D:\codebase\examples\source\CPP\SHOWDAT2.CPP
File Copy: D:\codebase\examples\source\CPP\SHOWDATA.CPP
File Copy: D:\codebase\examples\source\CPP\SHOWLST2.CPP
File Copy: D:\codebase\examples\source\CPP\STR1EG.CPP
File Copy: D:\codebase\examples\source\CPP\STR2EG.CPP
File Copy: D:\codebase\examples\source\CPP\STR3EG.CPP
File Copy: D:\codebase\examples\source\CPP\TLIBWORK.TRK
File Copy: D:\codebase\examples\source\CPP\TRANSFER.CPP
File Copy: D:\codebase\examples\source\CPP\W4TEST.CPP
File Copy: D:\codebase\examples\source\CPP\W4VERIFY.CPP
File Copy: D:\codebase\readme.txt
Self-Register: C:\Windows\System32\oleaut32.dll
Self-Register: C:\Windows\System32\olepro32.dll
Self-Register: C:\Windows\System32\msvbvm60.dll
Self-Register: C:\Windows\System32\comcat.dll
Self-Register: C:\Windows\System32\mscomctl.ocx
Self-Register: C:\Windows\System32\comdlg32.ocx
User Rights: Admin
