D:\CODEBASE\BUILD\SOURCE\B4BLOCK.OBJ
D:\CODEBASE\BUILD\SOURCE\B4NODE.OBJ
D:\CODEBASE\BUILD\SOURCE\C4.OBJ
D:\CODEBASE\BUILD\SOURCE\C4BASPAS.OBJ
D:\CODEBASE\BUILD\SOURCE\C4BCD.OBJ
D:\CODEBASE\BUILD\SOURCE\C4BUFFER.OBJ
D:\CODEBASE\BUILD\SOURCE\C4CODE.OBJ
D:\CODEBASE\BUILD\SOURCE\C4COM.OBJ
D:\CODEBASE\BUILD\SOURCE\C4COM2.OBJ
D:\CODEBASE\BUILD\SOURCE\C4CONECT.OBJ
D:\CODEBASE\BUILD\SOURCE\C4CONLOW.OBJ
D:\CODEBASE\BUILD\SOURCE\C4CONST.OBJ
D:\codebase\build\source\C4dll.dll.embed.manifest
D:\CODEBASE\BUILD\SOURCE\C4DLL.DLL.EMBED.MANIFEST.RES
D:\codebase\build\source\C4dll_manifest.rc
D:\CODEBASE\BUILD\SOURCE\C4HOOK.OBJ
D:\CODEBASE\BUILD\SOURCE\C4SEND.OBJ
D:\CODEBASE\BUILD\SOURCE\C4SET.OBJ
D:\CODEBASE\BUILD\SOURCE\C4THREAD.OBJ
D:\CODEBASE\BUILD\SOURCE\C4TRANS.OBJ
D:\CODEBASE\BUILD\SOURCE\C4UTIL.OBJ
D:\codebase\build\source\cl.command.1.tlog
D:\codebase\build\source\CL.read.1.tlog
D:\codebase\build\source\CL.write.1.tlog
D:\CODEBASE\BUILD\SOURCE\D4APPEND.OBJ
D:\CODEBASE\BUILD\SOURCE\D4BOTTOM.OBJ
D:\CODEBASE\BUILD\SOURCE\D4CLOSE.OBJ
D:\CODEBASE\BUILD\SOURCE\D4CREATE.OBJ
D:\CODEBASE\BUILD\SOURCE\D4DATA.OBJ
D:\CODEBASE\BUILD\SOURCE\D4DATE.OBJ
D:\CODEBASE\BUILD\SOURCE\D4EXTRA.OBJ
D:\CODEBASE\BUILD\SOURCE\D4FIELD.OBJ
D:\CODEBASE\BUILD\SOURCE\D4FILE.OBJ
D:\CODEBASE\BUILD\SOURCE\D4FLUSH.OBJ
D:\CODEBASE\BUILD\SOURCE\D4FRESH.OBJ
D:\CODEBASE\BUILD\SOURCE\D4GO.OBJ
D:\CODEBASE\BUILD\SOURCE\D4INDEX.OBJ
D:\CODEBASE\BUILD\SOURCE\D4INFO.OBJ
D:\CODEBASE\BUILD\SOURCE\D4INLINE.OBJ
D:\CODEBASE\BUILD\SOURCE\D4LOCK.OBJ
D:\CODEBASE\BUILD\SOURCE\D4MODIFY.OBJ
D:\CODEBASE\BUILD\SOURCE\D4OPEN.OBJ
D:\CODEBASE\BUILD\SOURCE\D4OPT.OBJ
D:\CODEBASE\BUILD\SOURCE\D4PACK.OBJ
D:\CODEBASE\BUILD\SOURCE\D4POSITI.OBJ
D:\CODEBASE\BUILD\SOURCE\D4REMOVE.OBJ
D:\CODEBASE\BUILD\SOURCE\D4SEEK.OBJ
D:\CODEBASE\BUILD\SOURCE\D4SKIP.OBJ
D:\CODEBASE\BUILD\SOURCE\D4TAG.OBJ
D:\CODEBASE\BUILD\SOURCE\D4TOP.OBJ
D:\CODEBASE\BUILD\SOURCE\D4UNLOCK.OBJ
D:\CODEBASE\BUILD\SOURCE\D4WRITE.OBJ
D:\CODEBASE\BUILD\SOURCE\D4ZAP.OBJ
D:\CODEBASE\BUILD\SOURCE\DF4LOCK.OBJ
D:\CODEBASE\BUILD\SOURCE\DF4UNLOK.OBJ
D:\CODEBASE\BUILD\SOURCE\E4CALC.OBJ
D:\CODEBASE\BUILD\SOURCE\E4CALC_2.OBJ
D:\CODEBASE\BUILD\SOURCE\E4ERROR.OBJ
D:\CODEBASE\BUILD\SOURCE\E4EVENT.OBJ
D:\CODEBASE\BUILD\SOURCE\E4EXPR.OBJ
D:\CODEBASE\BUILD\SOURCE\E4FUNCTI.OBJ
D:\CODEBASE\BUILD\SOURCE\E4NOT_S.OBJ
D:\CODEBASE\BUILD\SOURCE\E4PARSE.OBJ
D:\CODEBASE\BUILD\SOURCE\E4STRING.OBJ
D:\CODEBASE\BUILD\SOURCE\F4ASS_F.OBJ
D:\CODEBASE\BUILD\SOURCE\F4CHAR.OBJ
D:\CODEBASE\BUILD\SOURCE\F4CLOSE.OBJ
D:\CODEBASE\BUILD\SOURCE\F4CREATE.OBJ
D:\CODEBASE\BUILD\SOURCE\F4DOUBLE.OBJ
D:\CODEBASE\BUILD\SOURCE\F4FIELD.OBJ
D:\CODEBASE\BUILD\SOURCE\F4FILE.OBJ
D:\CODEBASE\BUILD\SOURCE\F4FILESE.OBJ
D:\CODEBASE\BUILD\SOURCE\F4FIND.OBJ
D:\CODEBASE\BUILD\SOURCE\F4FLAG.OBJ
D:\CODEBASE\BUILD\SOURCE\F4FLUSH.OBJ
D:\CODEBASE\BUILD\SOURCE\F4INFO.OBJ
D:\CODEBASE\BUILD\SOURCE\F4INT.OBJ
D:\CODEBASE\BUILD\SOURCE\F4LOCK.OBJ
D:\CODEBASE\BUILD\SOURCE\F4LONG.OBJ
D:\CODEBASE\BUILD\SOURCE\F4MEMO.OBJ
D:\CODEBASE\BUILD\SOURCE\F4OPEN.OBJ
D:\CODEBASE\BUILD\SOURCE\F4OPT.OBJ
D:\CODEBASE\BUILD\SOURCE\F4PTR.OBJ
D:\CODEBASE\BUILD\SOURCE\F4STR.OBJ
D:\CODEBASE\BUILD\SOURCE\F4TEMP.OBJ
D:\CODEBASE\BUILD\SOURCE\F4TRUE.OBJ
D:\CODEBASE\BUILD\SOURCE\F4WRITE.OBJ
D:\CODEBASE\BUILD\SOURCE\F4WSTR.OBJ
D:\CODEBASE\BUILD\SOURCE\I4ADD.OBJ
D:\CODEBASE\BUILD\SOURCE\I4ADDTAG.OBJ
D:\CODEBASE\BUILD\SOURCE\I4CHECK.OBJ
D:\CODEBASE\BUILD\SOURCE\I4CONV.OBJ
D:\CODEBASE\BUILD\SOURCE\I4CREATE.OBJ
D:\CODEBASE\BUILD\SOURCE\I4DUMP.OBJ
D:\CODEBASE\BUILD\SOURCE\I4INDEX.OBJ
D:\CODEBASE\BUILD\SOURCE\I4INFO.OBJ
D:\CODEBASE\BUILD\SOURCE\I4INIT.OBJ
D:\CODEBASE\BUILD\SOURCE\I4KEY.OBJ
D:\CODEBASE\BUILD\SOURCE\I4LOCK.OBJ
D:\CODEBASE\BUILD\SOURCE\I4NTAG.OBJ
D:\CODEBASE\BUILD\SOURCE\I4POSITI.OBJ
D:\CODEBASE\BUILD\SOURCE\I4REMOVE.OBJ
D:\CODEBASE\BUILD\SOURCE\I4TAG.OBJ
D:\CODEBASE\BUILD\SOURCE\I4THREAD.OBJ
D:\CODEBASE\BUILD\SOURCE\L4LINK.OBJ
D:\CODEBASE\BUILD\SOURCE\L4LOCK_C.OBJ
D:\CODEBASE\BUILD\SOURCE\L4MUTEX.OBJ
D:\codebase\build\source\link.command.1.tlog
D:\codebase\build\source\link.read.1.tlog
D:\codebase\build\source\link.write.1.tlog
D:\CODEBASE\BUILD\SOURCE\M4CHECK.OBJ
D:\CODEBASE\BUILD\SOURCE\M4CREATE.OBJ
D:\CODEBASE\BUILD\SOURCE\M4FILE.OBJ
D:\CODEBASE\BUILD\SOURCE\M4MAP.OBJ
D:\CODEBASE\BUILD\SOURCE\M4MEMO.OBJ
D:\CODEBASE\BUILD\SOURCE\M4MEMORY.OBJ
D:\CODEBASE\BUILD\SOURCE\O4OPT.OBJ
D:\CODEBASE\BUILD\SOURCE\R4AREA.OBJ
D:\CODEBASE\BUILD\SOURCE\R4BIT.OBJ
D:\CODEBASE\BUILD\SOURCE\R4DRIVE2.OBJ
D:\CODEBASE\BUILD\SOURCE\R4DRIVER.OBJ
D:\CODEBASE\BUILD\SOURCE\R4GROUP.OBJ
D:\CODEBASE\BUILD\SOURCE\R4LOG.OBJ
D:\CODEBASE\BUILD\SOURCE\R4OBJ.OBJ
D:\CODEBASE\BUILD\SOURCE\R4REGS.OBJ
D:\CODEBASE\BUILD\SOURCE\R4REINDE.OBJ
D:\CODEBASE\BUILD\SOURCE\R4REINDX.OBJ
D:\CODEBASE\BUILD\SOURCE\R4RELATE.OBJ
D:\CODEBASE\BUILD\SOURCE\R4REPORT.OBJ
D:\CODEBASE\BUILD\SOURCE\R4SAVE.OBJ
D:\CODEBASE\BUILD\SOURCE\R4SAVE_2.OBJ
D:\CODEBASE\BUILD\SOURCE\R4STYLE.OBJ
D:\CODEBASE\BUILD\SOURCE\R4TOTAL.OBJ
D:\codebase\build\source\rc.command.1.tlog
D:\codebase\build\source\rc.read.1.tlog
D:\codebase\build\source\rc.write.1.tlog
D:\CODEBASE\BUILD\SOURCE\S4INIT.OBJ
D:\CODEBASE\BUILD\SOURCE\S4INITFR.OBJ
D:\CODEBASE\BUILD\SOURCE\S4NEXT.OBJ
D:\CODEBASE\BUILD\SOURCE\S4QUICK.OBJ
D:\CODEBASE\BUILD\SOURCE\S4SIGNAL.OBJ
D:\CODEBASE\BUILD\SOURCE\S4SORT.OBJ
D:\CODEBASE\BUILD\SOURCE\SEMA4.OBJ
D:\CODEBASE\BUILD\SOURCE\U4NAME.OBJ
D:\CODEBASE\BUILD\SOURCE\U4UTIL.OBJ
D:\CODEBASE\BUILD\SOURCE\VC100.PDB
