  B4block.c
..\..\source\B4block.c(1301): warning C4267: 'initializing' : conversion from 'size_t' to 'int', possible loss of data
..\..\source\B4block.c(2762): warning C4267: 'initializing' : conversion from 'size_t' to 'int', possible loss of data
  C4.c
..\..\source\C4.c(276): warning C4267: '=' : conversion from 'size_t' to 'int', possible loss of data
..\..\source\C4.c(300): warning C4244: '=' : conversion from '__int64' to 'int', possible loss of data
..\..\source\C4.c(305): warning C4244: '=' : conversion from '__int64' to 'int', possible loss of data
..\..\source\C4.c(318): warning C4244: '=' : conversion from '__int64' to 'int', possible loss of data
  C4BUFFER.C
  C4COM2.C
  C4CONECT.C
  C4CONLOW.C
  C4THREAD.C
  C4UTIL.C
  C4bcd.c
  C4code.c
..\..\source\C4code.c(4278): warning C4267: 'initializing' : conversion from 'size_t' to 'int', possible loss of data
..\..\source\C4code.c(4320): warning C4267: 'initializing' : conversion from 'size_t' to 'int', possible loss of data
..\..\source\C4code.c(4428): warning C4267: 'initializing' : conversion from 'size_t' to 'int', possible loss of data
  C4com.c
  C4const.c
  C4hook.c
  C4trans.c
..\..\source\C4trans.c(1783): warning C4996: 'strcpy': This function or variable may be unsafe. Consider using strcpy_s instead. To disable deprecation, use _CRT_SECURE_NO_WARNINGS. See online help for details.
          D:\VisualStudio2010\VC\include\string.h(105) : see declaration of 'strcpy'
..\..\source\C4trans.c(1940): warning C4996: 'sprintf': This function or variable may be unsafe. Consider using sprintf_s instead. To disable deprecation, use _CRT_SECURE_NO_WARNINGS. See online help for details.
          D:\VisualStudio2010\VC\include\stdio.h(371) : see declaration of 'sprintf'
..\..\source\C4trans.c(3721): warning C4267: 'argument' : conversion from 'size_t' to 'unsigned int', possible loss of data
  D4MODIFY.C
..\..\source\D4MODIFY.C(79): warning C4267: 'initializing' : conversion from 'size_t' to 'int', possible loss of data
..\..\source\D4MODIFY.C(1380): warning C4267: '=' : conversion from 'size_t' to 'int', possible loss of data
..\..\source\D4MODIFY.C(1383): warning C4267: '=' : conversion from 'size_t' to 'int', possible loss of data
..\..\source\D4MODIFY.C(1388): warning C4267: '=' : conversion from 'size_t' to 'int', possible loss of data
  D4append.c
  D4bottom.c
  D4close.c
  D4create.c
..\..\source\D4create.c(1096): warning C4267: '+=' : conversion from 'size_t' to 'long', possible loss of data
..\..\source\D4create.c(1109): warning C4267: '+=' : conversion from 'size_t' to 'long', possible loss of data
..\..\source\D4create.c(1194): warning C4267: '=' : conversion from 'size_t' to 'int', possible loss of data
..\..\source\D4create.c(1238): warning C4267: '+=' : conversion from 'size_t' to 'unsigned short', possible loss of data
..\..\source\D4create.c(1249): warning C4267: '+=' : conversion from 'size_t' to 'unsigned short', possible loss of data
..\..\source\D4create.c(1627): warning C4267: 'initializing' : conversion from 'size_t' to 'short', possible loss of data
..\..\source\D4create.c(1665): warning C4267: '=' : conversion from 'size_t' to 'short', possible loss of data
..\..\source\D4create.c(1848): warning C4267: 'initializing' : conversion from 'size_t' to 'short', possible loss of data
..\..\source\D4create.c(1858): warning C4267: '+=' : conversion from 'size_t' to 'int', possible loss of data
..\..\source\D4create.c(1875): warning C4267: '+=' : conversion from 'size_t' to 'int', possible loss of data
..\..\source\D4create.c(1878): warning C4267: '+=' : conversion from 'size_t' to 'int', possible loss of data
..\..\source\D4create.c(1880): warning C4267: '+=' : conversion from 'size_t' to 'int', possible loss of data
..\..\source\D4create.c(1911): warning C4267: 'initializing' : conversion from 'size_t' to 'unsigned char', possible loss of data
..\..\source\D4create.c(1927): warning C4267: 'initializing' : conversion from 'size_t' to 'char', possible loss of data
..\..\source\D4create.c(1934): warning C4267: '=' : conversion from 'size_t' to 'short', possible loss of data
..\..\source\D4create.c(1941): warning C4267: '=' : conversion from 'size_t' to 'short', possible loss of data
  D4data.c
  Generating Code...
  Compiling...
  D4date.c
..\..\source\D4date.c(428): warning C4267: '=' : conversion from 'size_t' to 'unsigned int', possible loss of data
..\..\source\D4date.c(469): warning C4267: '=' : conversion from 'size_t' to 'int', possible loss of data
..\..\source\D4date.c(527): warning C4267: '=' : conversion from 'size_t' to 'int', possible loss of data
  D4extra.c
  D4field.c
  D4file.c
  D4flush.c
  D4fresh.c
  D4go.c
  D4index.c
  D4info.c
  D4inline.c
  D4lock.c
  D4open.c
..\..\source\D4open.c(654): warning C4267: 'initializing' : conversion from 'size_t' to 'short', possible loss of data
  D4opt.c
  D4pack.c
  D4positi.c
  D4remove.c
  D4seek.c
..\..\source\D4seek.c(969): warning C4267: '=' : conversion from 'size_t' to 'int', possible loss of data
..\..\source\D4seek.c(1316): warning C4267: '=' : conversion from 'size_t' to 'int', possible loss of data
..\..\source\D4seek.c(1323): warning C4267: '=' : conversion from 'size_t' to 'int', possible loss of data
  D4skip.c
  D4tag.c
  D4top.c
  Generating Code...
  Compiling...
  D4unlock.c
  D4write.c
  D4zap.c
  Df4lock.c
  Df4unlok.c
  E4EVENT.C
  E4calc.c
..\..\source\E4calc.c(269): warning C4267: '=' : conversion from 'size_t' to 'int', possible loss of data
..\..\source\E4calc.c(270): warning C4267: '=' : conversion from 'size_t' to 'int', possible loss of data
..\..\source\E4calc.c(313): warning C4267: '=' : conversion from 'size_t' to 'int', possible loss of data
  E4calc_2.c
  E4error.c
..\..\source\E4error.c(121): warning C4267: 'argument' : conversion from 'size_t' to 'unsigned int', possible loss of data
..\..\source\E4error.c(131): warning C4267: 'argument' : conversion from 'size_t' to 'unsigned int', possible loss of data
..\..\source\E4error.c(138): warning C4267: 'argument' : conversion from 'size_t' to 'unsigned int', possible loss of data
..\..\source\E4error.c(145): warning C4267: 'argument' : conversion from 'size_t' to 'unsigned int', possible loss of data
..\..\source\E4error.c(153): warning C4267: 'argument' : conversion from 'size_t' to 'unsigned int', possible loss of data
..\..\source\E4error.c(210): warning C4267: '=' : conversion from 'size_t' to 'int', possible loss of data
..\..\source\E4error.c(233): warning C4267: '=' : conversion from 'size_t' to 'int', possible loss of data
..\..\source\E4error.c(255): warning C4267: '=' : conversion from 'size_t' to 'int', possible loss of data
..\..\source\E4error.c(578): warning C4267: '=' : conversion from 'size_t' to 'int', possible loss of data
..\..\source\E4error.c(589): warning C4267: '=' : conversion from 'size_t' to 'int', possible loss of data
..\..\source\E4error.c(600): warning C4267: '+=' : conversion from 'size_t' to 'int', possible loss of data
..\..\source\E4error.c(612): warning C4267: '+=' : conversion from 'size_t' to 'int', possible loss of data
..\..\source\E4error.c(628): warning C4267: '+=' : conversion from 'size_t' to 'int', possible loss of data
..\..\source\E4error.c(1021): warning C4267: '+=' : conversion from 'size_t' to 'int', possible loss of data
..\..\source\E4error.c(1023): warning C4267: '+=' : conversion from 'size_t' to 'int', possible loss of data
..\..\source\E4error.c(1025): warning C4267: '+=' : conversion from 'size_t' to 'int', possible loss of data
  E4expr.c
  E4functi.c
..\..\source\E4functi.c(1169): warning C4267: 'argument' : conversion from 'size_t' to 'const int', possible loss of data
  E4not_s.c
  E4parse.c
..\..\source\E4parse.c(491): warning C4267: '=' : conversion from 'size_t' to 'int', possible loss of data
..\..\source\E4parse.c(720): warning C4267: 'argument' : conversion from 'size_t' to 'const int', possible loss of data
..\..\source\E4parse.c(2652): warning C4267: '=' : conversion from 'size_t' to 'int', possible loss of data
  E4string.c
  F4WSTR.C
..\..\source\F4WSTR.C(134): warning C4267: 'argument' : conversion from 'size_t' to 'const unsigned int', possible loss of data
  F4ass_f.c
  F4char.c
  F4close.c
  F4create.c
..\..\source\F4create.c(998): warning C4267: '=' : conversion from 'size_t' to 'int', possible loss of data
  F4double.c
..\..\source\F4double.c(321): warning C4267: 'argument' : conversion from 'size_t' to 'const int', possible loss of data
  Generating Code...
  Compiling...
  F4field.c
..\..\source\F4field.c(1437): warning C4267: 'argument' : conversion from 'size_t' to 'const int', possible loss of data
..\..\source\F4field.c(1634): warning C4267: 'argument' : conversion from 'size_t' to 'int', possible loss of data
..\..\source\F4field.c(2027): warning C4267: 'argument' : conversion from 'size_t' to 'int', possible loss of data
  F4file.c
..\..\source\F4file.c(1227): warning C4101: 'numTries' : unreferenced local variable
  F4filese.c
  F4flag.c
  F4flush.c
  F4info.c
  F4int.c
..\..\source\F4int.c(245): warning C4267: 'argument' : conversion from 'size_t' to 'const int', possible loss of data
  F4lock.c
  F4long.c
..\..\source\F4long.c(324): warning C4267: 'argument' : conversion from 'size_t' to 'const int', possible loss of data
  F4memo.c
  F4open.c
..\..\source\F4open.c(434): warning C4101: 'numTries' : unreferenced local variable
..\..\source\F4open.c(870): warning C4267: '=' : conversion from 'size_t' to 'int', possible loss of data
  F4opt.c
  F4ptr.c
  F4str.c
  F4temp.c
  F4true.c
  F4write.c
  I4THREAD.C
  I4add.c
..\..\source\I4add.c(730): warning C4267: '=' : conversion from 'size_t' to 'short', possible loss of data
..\..\source\I4add.c(790): warning C4267: '=' : conversion from 'size_t' to 'short', possible loss of data
..\..\source\I4add.c(1010): warning C4267: 'initializing' : conversion from 'size_t' to 'int', possible loss of data
..\..\source\I4add.c(1915): warning C4267: 'initializing' : conversion from 'size_t' to 'char', possible loss of data
  I4addtag.c
  Generating Code...
  Compiling...
  I4check.c
  I4create.c
  I4dump.c
  I4index.c
..\..\source\I4index.c(3167): warning C4267: '=' : conversion from 'size_t' to 'int', possible loss of data
..\..\source\I4index.c(3180): warning C4267: '=' : conversion from 'size_t' to 'int', possible loss of data
  I4info.c
  I4init.c
  I4key.c
  I4lock.c
  I4ntag.c
  I4positi.c
  I4remove.c
  I4tag.c
..\..\source\I4tag.c(1809): warning C4244: '=' : conversion from '__int64' to 'int', possible loss of data
  L4MUTEX.C
  L4link.c
  L4lock_c.c
  M4check.c
  M4create.c
  M4file.c
..\..\source\M4file.c(219): warning C4018: '>' : signed/unsigned mismatch
  M4map.c
  M4memo.c
  Generating Code...
  Compiling...
  M4memory.c
..\..\source\M4memory.c(1170): warning C4996: 'sprintf': This function or variable may be unsafe. Consider using sprintf_s instead. To disable deprecation, use _CRT_SECURE_NO_WARNINGS. See online help for details.
          D:\VisualStudio2010\VC\include\stdio.h(371) : see declaration of 'sprintf'
  O4opt.c
  R4area.c
  R4bit.c
  R4drive2.c
  R4driver.c
  R4group.c
  R4log.c
  R4obj.c
  R4regs.c
  R4reinde.c
..\..\source\R4reinde.c(368): warning C4267: 'initializing' : conversion from 'size_t' to 'int', possible loss of data
  R4reindx.c
  R4relate.c
..\..\source\R4relate.c(4085): warning C4267: '=' : conversion from 'size_t' to 'int', possible loss of data
..\..\source\R4relate.c(5726): warning C4267: '=' : conversion from 'size_t' to 'int', possible loss of data
  R4report.c
  R4save.c
  R4save_2.c
  R4style.c
  R4total.c
  S4SIGNAL.C
  S4init.c
  Generating Code...
  Compiling...
  S4initfr.c
  S4next.c
  S4quick.c
  S4sort.c
  SEMA4.C
  U4name.c
..\..\source\U4name.c(57): warning C4267: 'initializing' : conversion from 'size_t' to 'int', possible loss of data
..\..\source\U4name.c(103): warning C4267: 'initializing' : conversion from 'size_t' to 'int', possible loss of data
..\..\source\U4name.c(153): warning C4267: 'initializing' : conversion from 'size_t' to 'int', possible loss of data
..\..\source\U4name.c(190): warning C4267: 'initializing' : conversion from 'size_t' to 'int', possible loss of data
..\..\source\U4name.c(236): warning C4267: 'initializing' : conversion from 'size_t' to 'int', possible loss of data
..\..\source\U4name.c(292): warning C4267: '=' : conversion from 'size_t' to 'int', possible loss of data
..\..\source\U4name.c(339): warning C4267: '=' : conversion from 'size_t' to 'int', possible loss of data
..\..\source\U4name.c(639): warning C4267: 'initializing' : conversion from 'size_t' to 'int', possible loss of data
..\..\source\U4name.c(662): warning C4267: 'initializing' : conversion from 'size_t' to 'int', possible loss of data
..\..\source\U4name.c(763): warning C4267: '=' : conversion from 'size_t' to 'int', possible loss of data
..\..\source\U4name.c(779): warning C4267: '=' : conversion from 'size_t' to 'int', possible loss of data
..\..\source\U4name.c(826): warning C4267: '=' : conversion from 'size_t' to 'int', possible loss of data
..\..\source\U4name.c(844): warning C4267: '=' : conversion from 'size_t' to 'int', possible loss of data
..\..\source\U4name.c(888): warning C4267: '=' : conversion from 'size_t' to 'int', possible loss of data
..\..\source\U4name.c(962): warning C4267: '=' : conversion from 'size_t' to 'int', possible loss of data
..\..\source\U4name.c(975): warning C4267: '=' : conversion from 'size_t' to 'int', possible loss of data
..\..\source\U4name.c(1006): warning C4267: '=' : conversion from 'size_t' to 'unsigned int', possible loss of data
..\..\source\U4name.c(1077): warning C4267: 'initializing' : conversion from 'size_t' to 'long', possible loss of data
..\..\source\U4name.c(1308): warning C4267: '=' : conversion from 'size_t' to 'int', possible loss of data
  U4util.c
..\..\source\U4util.c(1261): warning C4267: 'argument' : conversion from 'size_t' to 'long', possible loss of data
  b4node.c
  c4baspas.c
..\..\source\c4baspas.c(1235): warning C4267: 'return' : conversion from 'size_t' to 'int', possible loss of data
..\..\source\c4baspas.c(1736): warning C4267: 'initializing' : conversion from 'size_t' to 'int', possible loss of data
..\..\source\c4baspas.c(1758): warning C4267: 'initializing' : conversion from 'size_t' to 'int', possible loss of data
..\..\source\c4baspas.c(1853): warning C4267: 'initializing' : conversion from 'size_t' to 'int', possible loss of data
..\..\source\c4baspas.c(1938): warning C4267: 'argument' : conversion from 'size_t' to 'long', possible loss of data
..\..\source\c4baspas.c(2114): warning C4267: 'initializing' : conversion from 'size_t' to 'int', possible loss of data
..\..\source\c4baspas.c(2164): warning C4267: 'initializing' : conversion from 'size_t' to 'int', possible loss of data
..\..\source\c4baspas.c(2186): warning C4267: 'initializing' : conversion from 'size_t' to 'int', possible loss of data
..\..\source\c4baspas.c(2359): warning C4267: 'initializing' : conversion from 'size_t' to 'int', possible loss of data
..\..\source\c4baspas.c(2488): warning C4267: 'initializing' : conversion from 'size_t' to 'unsigned int', possible loss of data
..\..\source\c4baspas.c(2524): warning C4267: 'initializing' : conversion from 'size_t' to 'int', possible loss of data
..\..\source\c4baspas.c(2547): warning C4267: 'initializing' : conversion from 'size_t' to 'unsigned int', possible loss of data
..\..\source\c4baspas.c(2690): warning C4267: 'initializing' : conversion from 'size_t' to 'int', possible loss of data
..\..\source\c4baspas.c(2766): warning C4267: 'argument' : conversion from 'size_t' to 'long', possible loss of data
..\..\source\c4baspas.c(2792): warning C4267: 'argument' : conversion from 'size_t' to 'long', possible loss of data
..\..\source\c4baspas.c(2820): warning C4267: 'argument' : conversion from 'size_t' to 'long', possible loss of data
..\..\source\c4baspas.c(3004): warning C4267: 'initializing' : conversion from 'size_t' to 'int', possible loss of data
  c4send.c
  c4set.c
..\..\source\c4set.c(32): warning C4267: 'initializing' : conversion from 'size_t' to 'int', possible loss of data
  f4find.cpp
  i4conv.c
  Generating Code...
.\..\source/B4block.obj : fatal error LNK1112: module machine type 'x64' conflicts with target machine type 'X86'
