e:\git_repositories\codebase-for-dbf\build\source\vc143.pdb
e:\git_repositories\codebase-for-dbf\build\source\d4data.obj
e:\git_repositories\codebase-for-dbf\build\source\d4create.obj
e:\git_repositories\codebase-for-dbf\build\source\d4close.obj
e:\git_repositories\codebase-for-dbf\build\source\d4bottom.obj
e:\git_repositories\codebase-for-dbf\build\source\d4append.obj
e:\git_repositories\codebase-for-dbf\build\source\d4modify.obj
e:\git_repositories\codebase-for-dbf\build\source\c4trans.obj
e:\git_repositories\codebase-for-dbf\build\source\c4hook.obj
e:\git_repositories\codebase-for-dbf\build\source\c4const.obj
e:\git_repositories\codebase-for-dbf\build\source\c4com.obj
e:\git_repositories\codebase-for-dbf\build\source\c4code.obj
e:\git_repositories\codebase-for-dbf\build\source\c4bcd.obj
e:\git_repositories\codebase-for-dbf\build\source\c4util.obj
e:\git_repositories\codebase-for-dbf\build\source\c4thread.obj
e:\git_repositories\codebase-for-dbf\build\source\c4conlow.obj
e:\git_repositories\codebase-for-dbf\build\source\c4conect.obj
e:\git_repositories\codebase-for-dbf\build\source\c4com2.obj
e:\git_repositories\codebase-for-dbf\build\source\c4buffer.obj
e:\git_repositories\codebase-for-dbf\build\source\c4.obj
e:\git_repositories\codebase-for-dbf\build\source\b4block.obj
e:\git_repositories\codebase-for-dbf\build\source\d4top.obj
e:\git_repositories\codebase-for-dbf\build\source\d4tag.obj
e:\git_repositories\codebase-for-dbf\build\source\d4skip.obj
e:\git_repositories\codebase-for-dbf\build\source\d4seek.obj
e:\git_repositories\codebase-for-dbf\build\source\d4remove.obj
e:\git_repositories\codebase-for-dbf\build\source\d4positi.obj
e:\git_repositories\codebase-for-dbf\build\source\d4pack.obj
e:\git_repositories\codebase-for-dbf\build\source\d4opt.obj
e:\git_repositories\codebase-for-dbf\build\source\d4open.obj
e:\git_repositories\codebase-for-dbf\build\source\d4lock.obj
e:\git_repositories\codebase-for-dbf\build\source\d4inline.obj
e:\git_repositories\codebase-for-dbf\build\source\d4info.obj
e:\git_repositories\codebase-for-dbf\build\source\d4index.obj
e:\git_repositories\codebase-for-dbf\build\source\d4go.obj
e:\git_repositories\codebase-for-dbf\build\source\d4fresh.obj
e:\git_repositories\codebase-for-dbf\build\source\d4flush.obj
e:\git_repositories\codebase-for-dbf\build\source\d4file.obj
e:\git_repositories\codebase-for-dbf\build\source\d4field.obj
e:\git_repositories\codebase-for-dbf\build\source\d4extra.obj
e:\git_repositories\codebase-for-dbf\build\source\d4date.obj
e:\git_repositories\codebase-for-dbf\build\source\f4double.obj
e:\git_repositories\codebase-for-dbf\build\source\f4create.obj
e:\git_repositories\codebase-for-dbf\build\source\f4close.obj
e:\git_repositories\codebase-for-dbf\build\source\f4char.obj
e:\git_repositories\codebase-for-dbf\build\source\f4ass_f.obj
e:\git_repositories\codebase-for-dbf\build\source\f4wstr.obj
e:\git_repositories\codebase-for-dbf\build\source\e4string.obj
e:\git_repositories\codebase-for-dbf\build\source\e4parse.obj
e:\git_repositories\codebase-for-dbf\build\source\e4not_s.obj
e:\git_repositories\codebase-for-dbf\build\source\e4functi.obj
e:\git_repositories\codebase-for-dbf\build\source\e4expr.obj
e:\git_repositories\codebase-for-dbf\build\source\e4error.obj
e:\git_repositories\codebase-for-dbf\build\source\e4calc_2.obj
e:\git_repositories\codebase-for-dbf\build\source\e4calc.obj
e:\git_repositories\codebase-for-dbf\build\source\e4event.obj
e:\git_repositories\codebase-for-dbf\build\source\df4unlok.obj
e:\git_repositories\codebase-for-dbf\build\source\df4lock.obj
e:\git_repositories\codebase-for-dbf\build\source\d4zap.obj
e:\git_repositories\codebase-for-dbf\build\source\d4write.obj
e:\git_repositories\codebase-for-dbf\build\source\d4unlock.obj
e:\git_repositories\codebase-for-dbf\build\source\i4addtag.obj
e:\git_repositories\codebase-for-dbf\build\source\i4add.obj
e:\git_repositories\codebase-for-dbf\build\source\i4thread.obj
e:\git_repositories\codebase-for-dbf\build\source\f4write.obj
e:\git_repositories\codebase-for-dbf\build\source\f4true.obj
e:\git_repositories\codebase-for-dbf\build\source\f4temp.obj
e:\git_repositories\codebase-for-dbf\build\source\f4str.obj
e:\git_repositories\codebase-for-dbf\build\source\f4ptr.obj
e:\git_repositories\codebase-for-dbf\build\source\f4opt.obj
e:\git_repositories\codebase-for-dbf\build\source\f4open.obj
e:\git_repositories\codebase-for-dbf\build\source\f4memo.obj
e:\git_repositories\codebase-for-dbf\build\source\f4long.obj
e:\git_repositories\codebase-for-dbf\build\source\f4lock.obj
e:\git_repositories\codebase-for-dbf\build\source\f4int.obj
e:\git_repositories\codebase-for-dbf\build\source\f4info.obj
e:\git_repositories\codebase-for-dbf\build\source\f4flush.obj
e:\git_repositories\codebase-for-dbf\build\source\f4flag.obj
e:\git_repositories\codebase-for-dbf\build\source\f4filese.obj
e:\git_repositories\codebase-for-dbf\build\source\f4file.obj
e:\git_repositories\codebase-for-dbf\build\source\f4field.obj
e:\git_repositories\codebase-for-dbf\build\source\m4memo.obj
e:\git_repositories\codebase-for-dbf\build\source\m4map.obj
e:\git_repositories\codebase-for-dbf\build\source\m4file.obj
e:\git_repositories\codebase-for-dbf\build\source\m4create.obj
e:\git_repositories\codebase-for-dbf\build\source\m4check.obj
e:\git_repositories\codebase-for-dbf\build\source\l4lock_c.obj
e:\git_repositories\codebase-for-dbf\build\source\l4link.obj
e:\git_repositories\codebase-for-dbf\build\source\l4mutex.obj
e:\git_repositories\codebase-for-dbf\build\source\i4tag.obj
e:\git_repositories\codebase-for-dbf\build\source\i4remove.obj
e:\git_repositories\codebase-for-dbf\build\source\i4positi.obj
e:\git_repositories\codebase-for-dbf\build\source\i4ntag.obj
e:\git_repositories\codebase-for-dbf\build\source\i4lock.obj
e:\git_repositories\codebase-for-dbf\build\source\i4key.obj
e:\git_repositories\codebase-for-dbf\build\source\i4init.obj
e:\git_repositories\codebase-for-dbf\build\source\i4info.obj
e:\git_repositories\codebase-for-dbf\build\source\i4index.obj
e:\git_repositories\codebase-for-dbf\build\source\i4dump.obj
e:\git_repositories\codebase-for-dbf\build\source\i4create.obj
e:\git_repositories\codebase-for-dbf\build\source\i4check.obj
e:\git_repositories\codebase-for-dbf\build\source\s4init.obj
e:\git_repositories\codebase-for-dbf\build\source\s4signal.obj
e:\git_repositories\codebase-for-dbf\build\source\r4total.obj
e:\git_repositories\codebase-for-dbf\build\source\r4style.obj
e:\git_repositories\codebase-for-dbf\build\source\r4save_2.obj
e:\git_repositories\codebase-for-dbf\build\source\r4save.obj
e:\git_repositories\codebase-for-dbf\build\source\r4report.obj
e:\git_repositories\codebase-for-dbf\build\source\r4relate.obj
e:\git_repositories\codebase-for-dbf\build\source\r4reindx.obj
e:\git_repositories\codebase-for-dbf\build\source\r4reinde.obj
e:\git_repositories\codebase-for-dbf\build\source\r4regs.obj
e:\git_repositories\codebase-for-dbf\build\source\r4obj.obj
e:\git_repositories\codebase-for-dbf\build\source\r4log.obj
e:\git_repositories\codebase-for-dbf\build\source\r4group.obj
e:\git_repositories\codebase-for-dbf\build\source\r4driver.obj
e:\git_repositories\codebase-for-dbf\build\source\r4drive2.obj
e:\git_repositories\codebase-for-dbf\build\source\r4bit.obj
e:\git_repositories\codebase-for-dbf\build\source\r4area.obj
e:\git_repositories\codebase-for-dbf\build\source\o4opt.obj
e:\git_repositories\codebase-for-dbf\build\source\m4memory.obj
e:\git_repositories\codebase-for-dbf\build\source\i4conv.obj
e:\git_repositories\codebase-for-dbf\build\source\f4find.obj
e:\git_repositories\codebase-for-dbf\build\source\c4set.obj
e:\git_repositories\codebase-for-dbf\build\source\c4send.obj
e:\git_repositories\codebase-for-dbf\build\source\c4baspas.obj
e:\git_repositories\codebase-for-dbf\build\source\b4node.obj
e:\git_repositories\codebase-for-dbf\build\source\u4util.obj
e:\git_repositories\codebase-for-dbf\build\source\u4name.obj
e:\git_repositories\codebase-for-dbf\build\source\sema4.obj
e:\git_repositories\codebase-for-dbf\build\source\s4sort.obj
e:\git_repositories\codebase-for-dbf\build\source\s4quick.obj
e:\git_repositories\codebase-for-dbf\build\source\s4next.obj
e:\git_repositories\codebase-for-dbf\build\source\s4initfr.obj
e:\git_repositories\codebase-for-dbf\build\mvstudio_2022_project_vfp_server_client_64\c4dll64.dll
e:\git_repositories\codebase-for-dbf\build\mvstudio_2022_project_vfp_server_client_64\c4dll64.pdb
e:\git_repositories\codebase-for-dbf\build\mvstudio_2022_project_vfp_server_client_64\c4dll64.lib
e:\git_repositories\codebase-for-dbf\build\mvstudio_2022_project_vfp_server_client_64\c4dll64.exp
e:\git_repositories\codebase-for-dbf\build\intermediatefiles\.\..\intermediatefiles\c4dll.vcxproj.filelistabsolute.txt
e:\git_repositories\codebase-for-dbf\build\intermediatefiles\c4dll.tlog\cl.command.1.tlog
e:\git_repositories\codebase-for-dbf\build\intermediatefiles\c4dll.tlog\cl.items.tlog
e:\git_repositories\codebase-for-dbf\build\intermediatefiles\c4dll.tlog\cl.read.1.tlog
e:\git_repositories\codebase-for-dbf\build\intermediatefiles\c4dll.tlog\cl.write.1.tlog
e:\git_repositories\codebase-for-dbf\build\intermediatefiles\c4dll.tlog\link.command.1.tlog
e:\git_repositories\codebase-for-dbf\build\intermediatefiles\c4dll.tlog\link.read.1.tlog
e:\git_repositories\codebase-for-dbf\build\intermediatefiles\c4dll.tlog\link.secondary.1.tlog
e:\git_repositories\codebase-for-dbf\build\intermediatefiles\c4dll.tlog\link.write.1.tlog
