  B4block.c
E:\GIT_Repositories\CodeBase-for-DBF\WorkingSource\B4block.c(1300,27): warning C4267: 'initializing': conversion from 'size_t' to 'int', possible loss of data
E:\GIT_Repositories\CodeBase-for-DBF\WorkingSource\B4block.c(2761,24): warning C4267: 'initializing': conversion from 'size_t' to 'int', possible loss of data
  C4.c
E:\GIT_Repositories\CodeBase-for-DBF\WorkingSource\C4.c(276,18): warning C4267: '=': conversion from 'size_t' to 'int', possible loss of data
E:\GIT_Repositories\CodeBase-for-DBF\WorkingSource\C4.c(300,22): warning C4244: '=': conversion from '__int64' to 'int', possible loss of data
E:\GIT_Repositories\CodeBase-for-DBF\WorkingSource\C4.c(305,24): warning C4244: '=': conversion from '__int64' to 'int', possible loss of data
E:\GIT_Repositories\CodeBase-for-DBF\WorkingSource\C4.c(318,25): warning C4244: '=': conversion from '__int64' to 'int', possible loss of data
  C4BUFFER.C
  C4COM2.C
  C4CONECT.C
  C4CONLOW.C
  C4THREAD.C
  C4UTIL.C
  C4bcd.c
  C4code.c
E:\GIT_Repositories\CodeBase-for-DBF\WorkingSource\C4code.c(4281,15): warning C4267: 'initializing': conversion from 'size_t' to 'int', possible loss of data
E:\GIT_Repositories\CodeBase-for-DBF\WorkingSource\C4code.c(4323,15): warning C4267: 'initializing': conversion from 'size_t' to 'int', possible loss of data
E:\GIT_Repositories\CodeBase-for-DBF\WorkingSource\C4code.c(4431,15): warning C4267: 'initializing': conversion from 'size_t' to 'int', possible loss of data
  C4com.c
  C4const.c
  C4hook.c
  C4trans.c
E:\GIT_Repositories\CodeBase-for-DBF\WorkingSource\C4trans.c(3721,69): warning C4267: 'argument': conversion from 'size_t' to 'unsigned int', possible loss of data
  D4MODIFY.C
E:\GIT_Repositories\CodeBase-for-DBF\WorkingSource\D4MODIFY.C(79,41): warning C4267: 'initializing': conversion from 'size_t' to 'int', possible loss of data
E:\GIT_Repositories\CodeBase-for-DBF\WorkingSource\D4MODIFY.C(1380,24): warning C4267: '=': conversion from 'size_t' to 'int', possible loss of data
E:\GIT_Repositories\CodeBase-for-DBF\WorkingSource\D4MODIFY.C(1383,24): warning C4267: '=': conversion from 'size_t' to 'int', possible loss of data
E:\GIT_Repositories\CodeBase-for-DBF\WorkingSource\D4MODIFY.C(1388,27): warning C4267: '=': conversion from 'size_t' to 'int', possible loss of data
  D4append.c
  D4bottom.c
  D4close.c
  D4create.c
E:\GIT_Repositories\CodeBase-for-DBF\WorkingSource\D4create.c(1096,81): warning C4267: '+=': conversion from 'size_t' to 'long', possible loss of data
E:\GIT_Repositories\CodeBase-for-DBF\WorkingSource\D4create.c(1109,85): warning C4267: '+=': conversion from 'size_t' to 'long', possible loss of data
E:\GIT_Repositories\CodeBase-for-DBF\WorkingSource\D4create.c(1194,33): warning C4267: '=': conversion from 'size_t' to 'int', possible loss of data
E:\GIT_Repositories\CodeBase-for-DBF\WorkingSource\D4create.c(1858,33): warning C4267: '+=': conversion from 'size_t' to 'int', possible loss of data
E:\GIT_Repositories\CodeBase-for-DBF\WorkingSource\D4create.c(1875,36): warning C4267: '+=': conversion from 'size_t' to 'int', possible loss of data
E:\GIT_Repositories\CodeBase-for-DBF\WorkingSource\D4create.c(1878,39): warning C4267: '+=': conversion from 'size_t' to 'int', possible loss of data
E:\GIT_Repositories\CodeBase-for-DBF\WorkingSource\D4create.c(1880,39): warning C4267: '+=': conversion from 'size_t' to 'int', possible loss of data
  D4data.c
  Generating Code...
  Compiling...
  D4date.c
E:\GIT_Repositories\CodeBase-for-DBF\WorkingSource\D4date.c(428,24): warning C4267: '=': conversion from 'size_t' to 'unsigned int', possible loss of data
E:\GIT_Repositories\CodeBase-for-DBF\WorkingSource\D4date.c(469,28): warning C4267: '=': conversion from 'size_t' to 'int', possible loss of data
E:\GIT_Repositories\CodeBase-for-DBF\WorkingSource\D4date.c(527,98): warning C4267: '=': conversion from 'size_t' to 'int', possible loss of data
  D4extra.c
  D4field.c
  D4file.c
  D4flush.c
  D4fresh.c
  D4go.c
  D4index.c
  D4info.c
  D4inline.c
  D4lock.c
  D4open.c
  D4opt.c
  D4pack.c
  D4positi.c
  D4remove.c
  D4seek.c
E:\GIT_Repositories\CodeBase-for-DBF\WorkingSource\D4seek.c(969,48): warning C4267: '=': conversion from 'size_t' to 'int', possible loss of data
E:\GIT_Repositories\CodeBase-for-DBF\WorkingSource\D4seek.c(1316,48): warning C4267: '=': conversion from 'size_t' to 'int', possible loss of data
E:\GIT_Repositories\CodeBase-for-DBF\WorkingSource\D4seek.c(1323,79): warning C4267: '=': conversion from 'size_t' to 'int', possible loss of data
  D4skip.c
  D4tag.c
  D4top.c
  Generating Code...
  Compiling...
  D4unlock.c
  D4write.c
  D4zap.c
  Df4lock.c
  Df4unlok.c
  E4EVENT.C
  E4calc.c
E:\GIT_Repositories\CodeBase-for-DBF\WorkingSource\E4calc.c(269,23): warning C4267: '=': conversion from 'size_t' to 'int', possible loss of data
E:\GIT_Repositories\CodeBase-for-DBF\WorkingSource\E4calc.c(270,19): warning C4267: '=': conversion from 'size_t' to 'int', possible loss of data
E:\GIT_Repositories\CodeBase-for-DBF\WorkingSource\E4calc.c(313,26): warning C4267: '=': conversion from 'size_t' to 'int', possible loss of data
  E4calc_2.c
  E4error.c
E:\GIT_Repositories\CodeBase-for-DBF\WorkingSource\E4error.c(121,56): warning C4267: 'argument': conversion from 'size_t' to 'unsigned int', possible loss of data
E:\GIT_Repositories\CodeBase-for-DBF\WorkingSource\E4error.c(131,55): warning C4267: 'argument': conversion from 'size_t' to 'unsigned int', possible loss of data
E:\GIT_Repositories\CodeBase-for-DBF\WorkingSource\E4error.c(138,58): warning C4267: 'argument': conversion from 'size_t' to 'unsigned int', possible loss of data
E:\GIT_Repositories\CodeBase-for-DBF\WorkingSource\E4error.c(145,55): warning C4267: 'argument': conversion from 'size_t' to 'unsigned int', possible loss of data
E:\GIT_Repositories\CodeBase-for-DBF\WorkingSource\E4error.c(153,61): warning C4267: 'argument': conversion from 'size_t' to 'unsigned int', possible loss of data
E:\GIT_Repositories\CodeBase-for-DBF\WorkingSource\E4error.c(210,25): warning C4267: '=': conversion from 'size_t' to 'int', possible loss of data
E:\GIT_Repositories\CodeBase-for-DBF\WorkingSource\E4error.c(233,26): warning C4267: '=': conversion from 'size_t' to 'int', possible loss of data
E:\GIT_Repositories\CodeBase-for-DBF\WorkingSource\E4error.c(255,26): warning C4267: '=': conversion from 'size_t' to 'int', possible loss of data
E:\GIT_Repositories\CodeBase-for-DBF\WorkingSource\E4error.c(578,27): warning C4267: '=': conversion from 'size_t' to 'int', possible loss of data
E:\GIT_Repositories\CodeBase-for-DBF\WorkingSource\E4error.c(589,27): warning C4267: '=': conversion from 'size_t' to 'int', possible loss of data
E:\GIT_Repositories\CodeBase-for-DBF\WorkingSource\E4error.c(600,31): warning C4267: '+=': conversion from 'size_t' to 'int', possible loss of data
E:\GIT_Repositories\CodeBase-for-DBF\WorkingSource\E4error.c(612,34): warning C4267: '+=': conversion from 'size_t' to 'int', possible loss of data
E:\GIT_Repositories\CodeBase-for-DBF\WorkingSource\E4error.c(628,28): warning C4267: '+=': conversion from 'size_t' to 'int', possible loss of data
E:\GIT_Repositories\CodeBase-for-DBF\WorkingSource\E4error.c(1021,37): warning C4267: '+=': conversion from 'size_t' to 'int', possible loss of data
E:\GIT_Repositories\CodeBase-for-DBF\WorkingSource\E4error.c(1023,37): warning C4267: '+=': conversion from 'size_t' to 'int', possible loss of data
E:\GIT_Repositories\CodeBase-for-DBF\WorkingSource\E4error.c(1025,37): warning C4267: '+=': conversion from 'size_t' to 'int', possible loss of data
  E4expr.c
  E4functi.c
E:\GIT_Repositories\CodeBase-for-DBF\WorkingSource\E4functi.c(1169,46): warning C4267: 'argument': conversion from 'size_t' to 'const int', possible loss of data
E:\GIT_Repositories\CodeBase-for-DBF\WorkingSource\E4functi.c(1418,32): warning C4311: 'type cast': pointer truncation from 'char *' to 'long'
E:\GIT_Repositories\CodeBase-for-DBF\WorkingSource\E4functi.c(1418,32): warning C4302: 'type cast': truncation from 'char *' to 'long'
E:\GIT_Repositories\CodeBase-for-DBF\WorkingSource\E4functi.c(1456,32): warning C4311: 'type cast': pointer truncation from 'char *' to 'long'
E:\GIT_Repositories\CodeBase-for-DBF\WorkingSource\E4functi.c(1456,32): warning C4302: 'type cast': truncation from 'char *' to 'long'
E:\GIT_Repositories\CodeBase-for-DBF\WorkingSource\E4functi.c(1493,32): warning C4311: 'type cast': pointer truncation from 'char *' to 'long'
E:\GIT_Repositories\CodeBase-for-DBF\WorkingSource\E4functi.c(1493,32): warning C4302: 'type cast': truncation from 'char *' to 'long'
E:\GIT_Repositories\CodeBase-for-DBF\WorkingSource\E4functi.c(1763,32): warning C4311: 'type cast': pointer truncation from 'char *' to 'long'
E:\GIT_Repositories\CodeBase-for-DBF\WorkingSource\E4functi.c(1763,32): warning C4302: 'type cast': truncation from 'char *' to 'long'
E:\GIT_Repositories\CodeBase-for-DBF\WorkingSource\E4functi.c(1802,32): warning C4311: 'type cast': pointer truncation from 'char *' to 'long'
E:\GIT_Repositories\CodeBase-for-DBF\WorkingSource\E4functi.c(1802,32): warning C4302: 'type cast': truncation from 'char *' to 'long'
E:\GIT_Repositories\CodeBase-for-DBF\WorkingSource\E4functi.c(1896,32): warning C4311: 'type cast': pointer truncation from 'char *' to 'long'
E:\GIT_Repositories\CodeBase-for-DBF\WorkingSource\E4functi.c(1896,32): warning C4302: 'type cast': truncation from 'char *' to 'long'
  E4not_s.c
  E4parse.c
E:\GIT_Repositories\CodeBase-for-DBF\WorkingSource\E4parse.c(491,33): warning C4267: '=': conversion from 'size_t' to 'int', possible loss of data
E:\GIT_Repositories\CodeBase-for-DBF\WorkingSource\E4parse.c(720,117): warning C4267: 'argument': conversion from 'size_t' to 'const int', possible loss of data
E:\GIT_Repositories\CodeBase-for-DBF\WorkingSource\E4parse.c(2652,22): warning C4267: '=': conversion from 'size_t' to 'int', possible loss of data
  E4string.c
  F4WSTR.C
E:\GIT_Repositories\CodeBase-for-DBF\WorkingSource\F4WSTR.C(134,90): warning C4267: 'argument': conversion from 'size_t' to 'const unsigned int', possible loss of data
  F4ass_f.c
  F4char.c
  F4close.c
  F4create.c
E:\GIT_Repositories\CodeBase-for-DBF\WorkingSource\F4create.c(998,28): warning C4267: '=': conversion from 'size_t' to 'int', possible loss of data
  F4double.c
E:\GIT_Repositories\CodeBase-for-DBF\WorkingSource\F4double.c(321,41): warning C4267: 'argument': conversion from 'size_t' to 'const int', possible loss of data
  Generating Code...
  Compiling...
  F4field.c
E:\GIT_Repositories\CodeBase-for-DBF\WorkingSource\F4field.c(1437,34): warning C4267: 'argument': conversion from 'size_t' to 'const int', possible loss of data
E:\GIT_Repositories\CodeBase-for-DBF\WorkingSource\F4field.c(1634,70): warning C4267: 'argument': conversion from 'size_t' to 'int', possible loss of data
E:\GIT_Repositories\CodeBase-for-DBF\WorkingSource\F4field.c(2027,63): warning C4267: 'argument': conversion from 'size_t' to 'int', possible loss of data
  F4file.c
E:\GIT_Repositories\CodeBase-for-DBF\WorkingSource\F4file.c(1227,10): warning C4101: 'numTries': unreferenced local variable
  F4filese.c
  F4flag.c
  F4flush.c
  F4info.c
  F4int.c
E:\GIT_Repositories\CodeBase-for-DBF\WorkingSource\F4int.c(245,41): warning C4267: 'argument': conversion from 'size_t' to 'const int', possible loss of data
  F4lock.c
  F4long.c
E:\GIT_Repositories\CodeBase-for-DBF\WorkingSource\F4long.c(324,41): warning C4267: 'argument': conversion from 'size_t' to 'const int', possible loss of data
  F4memo.c
  F4open.c
E:\GIT_Repositories\CodeBase-for-DBF\WorkingSource\F4open.c(434,23): warning C4101: 'numTries': unreferenced local variable
E:\GIT_Repositories\CodeBase-for-DBF\WorkingSource\F4open.c(870,30): warning C4267: '=': conversion from 'size_t' to 'int', possible loss of data
  F4opt.c
  F4ptr.c
  F4str.c
  F4temp.c
  F4true.c
  F4write.c
  I4THREAD.C
  I4add.c
E:\GIT_Repositories\CodeBase-for-DBF\WorkingSource\I4add.c(1010,21): warning C4267: 'initializing': conversion from 'size_t' to 'int', possible loss of data
  I4addtag.c
  Generating Code...
  Compiling...
  I4check.c
  I4create.c
  I4dump.c
  I4index.c
E:\GIT_Repositories\CodeBase-for-DBF\WorkingSource\I4index.c(3167,29): warning C4267: '=': conversion from 'size_t' to 'int', possible loss of data
E:\GIT_Repositories\CodeBase-for-DBF\WorkingSource\I4index.c(3180,29): warning C4267: '=': conversion from 'size_t' to 'int', possible loss of data
  I4info.c
  I4init.c
  I4key.c
  I4lock.c
  I4ntag.c
  I4positi.c
  I4remove.c
  I4tag.c
E:\GIT_Repositories\CodeBase-for-DBF\WorkingSource\I4tag.c(1809,36): warning C4244: '=': conversion from '__int64' to 'int', possible loss of data
  L4MUTEX.C
  L4link.c
  L4lock_c.c
  M4check.c
  M4create.c
  M4file.c
  M4map.c
  M4memo.c
  Generating Code...
  Compiling...
  M4memory.c
  O4opt.c
  R4area.c
  R4bit.c
  R4drive2.c
  R4driver.c
  R4group.c
  R4log.c
  R4obj.c
  R4regs.c
  R4reinde.c
E:\GIT_Repositories\CodeBase-for-DBF\WorkingSource\R4reinde.c(368,27): warning C4267: 'initializing': conversion from 'size_t' to 'int', possible loss of data
  R4reindx.c
  R4relate.c
E:\GIT_Repositories\CodeBase-for-DBF\WorkingSource\R4relate.c(4085,27): warning C4267: '=': conversion from 'size_t' to 'int', possible loss of data
E:\GIT_Repositories\CodeBase-for-DBF\WorkingSource\R4relate.c(5726,24): warning C4267: '=': conversion from 'size_t' to 'int', possible loss of data
  R4report.c
  R4save.c
  R4save_2.c
  R4style.c
  R4total.c
  S4SIGNAL.C
  S4init.c
  Generating Code...
  Compiling...
  S4initfr.c
  S4next.c
  S4quick.c
  S4sort.c
  SEMA4.C
  U4name.c
E:\GIT_Repositories\CodeBase-for-DBF\WorkingSource\U4name.c(57,18): warning C4267: 'initializing': conversion from 'size_t' to 'int', possible loss of data
E:\GIT_Repositories\CodeBase-for-DBF\WorkingSource\U4name.c(103,23): warning C4267: 'initializing': conversion from 'size_t' to 'int', possible loss of data
E:\GIT_Repositories\CodeBase-for-DBF\WorkingSource\U4name.c(153,23): warning C4267: 'initializing': conversion from 'size_t' to 'int', possible loss of data
E:\GIT_Repositories\CodeBase-for-DBF\WorkingSource\U4name.c(190,15): warning C4267: 'initializing': conversion from 'size_t' to 'int', possible loss of data
E:\GIT_Repositories\CodeBase-for-DBF\WorkingSource\U4name.c(236,20): warning C4267: 'initializing': conversion from 'size_t' to 'int', possible loss of data
E:\GIT_Repositories\CodeBase-for-DBF\WorkingSource\U4name.c(292,35): warning C4267: '=': conversion from 'size_t' to 'int', possible loss of data
E:\GIT_Repositories\CodeBase-for-DBF\WorkingSource\U4name.c(339,18): warning C4267: '=': conversion from 'size_t' to 'int', possible loss of data
E:\GIT_Repositories\CodeBase-for-DBF\WorkingSource\U4name.c(639,19): warning C4267: 'initializing': conversion from 'size_t' to 'int', possible loss of data
E:\GIT_Repositories\CodeBase-for-DBF\WorkingSource\U4name.c(662,24): warning C4267: 'initializing': conversion from 'size_t' to 'int', possible loss of data
E:\GIT_Repositories\CodeBase-for-DBF\WorkingSource\U4name.c(763,39): warning C4267: '=': conversion from 'size_t' to 'int', possible loss of data
E:\GIT_Repositories\CodeBase-for-DBF\WorkingSource\U4name.c(779,33): warning C4267: '=': conversion from 'size_t' to 'int', possible loss of data
E:\GIT_Repositories\CodeBase-for-DBF\WorkingSource\U4name.c(826,26): warning C4267: '=': conversion from 'size_t' to 'int', possible loss of data
E:\GIT_Repositories\CodeBase-for-DBF\WorkingSource\U4name.c(844,25): warning C4267: '=': conversion from 'size_t' to 'int', possible loss of data
E:\GIT_Repositories\CodeBase-for-DBF\WorkingSource\U4name.c(888,27): warning C4267: '=': conversion from 'size_t' to 'int', possible loss of data
E:\GIT_Repositories\CodeBase-for-DBF\WorkingSource\U4name.c(962,37): warning C4267: '=': conversion from 'size_t' to 'int', possible loss of data
E:\GIT_Repositories\CodeBase-for-DBF\WorkingSource\U4name.c(975,37): warning C4267: '=': conversion from 'size_t' to 'int', possible loss of data
E:\GIT_Repositories\CodeBase-for-DBF\WorkingSource\U4name.c(1006,31): warning C4267: '=': conversion from 'size_t' to 'unsigned int', possible loss of data
E:\GIT_Repositories\CodeBase-for-DBF\WorkingSource\U4name.c(1077,13): warning C4267: 'initializing': conversion from 'size_t' to 'long', possible loss of data
E:\GIT_Repositories\CodeBase-for-DBF\WorkingSource\U4name.c(1308,34): warning C4267: '=': conversion from 'size_t' to 'int', possible loss of data
  U4util.c
E:\GIT_Repositories\CodeBase-for-DBF\WorkingSource\U4util.c(1261,25): warning C4267: 'argument': conversion from 'size_t' to 'long', possible loss of data
E:\GIT_Repositories\CodeBase-for-DBF\WorkingSource\U4util.c(1265,17): warning C4311: 'type cast': pointer truncation from 'char *' to 'long'
E:\GIT_Repositories\CodeBase-for-DBF\WorkingSource\U4util.c(1265,17): warning C4302: 'type cast': truncation from 'char *' to 'long'
  b4node.c
  c4baspas.c
E:\GIT_Repositories\CodeBase-for-DBF\WorkingSource\c4baspas.c(319,38): warning C4311: 'type cast': pointer truncation from 'HINSTANCE' to 'long'
E:\GIT_Repositories\CodeBase-for-DBF\WorkingSource\c4baspas.c(319,38): warning C4302: 'type cast': truncation from 'HINSTANCE' to 'long'
E:\GIT_Repositories\CodeBase-for-DBF\WorkingSource\c4baspas.c(322,22): warning C4312: 'type cast': conversion from 'long' to 'HINSTANCE' of greater size
E:\GIT_Repositories\CodeBase-for-DBF\WorkingSource\c4baspas.c(326,14): warning C4311: 'type cast': pointer truncation from 'void *' to 'long'
E:\GIT_Repositories\CodeBase-for-DBF\WorkingSource\c4baspas.c(326,14): warning C4302: 'type cast': truncation from 'void *' to 'long'
E:\GIT_Repositories\CodeBase-for-DBF\WorkingSource\c4baspas.c(345,41): warning C4311: 'type cast': pointer truncation from 'HWND' to 'long'
E:\GIT_Repositories\CodeBase-for-DBF\WorkingSource\c4baspas.c(345,41): warning C4302: 'type cast': truncation from 'HWND' to 'long'
E:\GIT_Repositories\CodeBase-for-DBF\WorkingSource\c4baspas.c(348,24): warning C4312: 'type cast': conversion from 'long' to 'HWND' of greater size
E:\GIT_Repositories\CodeBase-for-DBF\WorkingSource\c4baspas.c(352,17): warning C4311: 'type cast': pointer truncation from 'void *' to 'long'
E:\GIT_Repositories\CodeBase-for-DBF\WorkingSource\c4baspas.c(352,17): warning C4302: 'type cast': truncation from 'void *' to 'long'
E:\GIT_Repositories\CodeBase-for-DBF\WorkingSource\c4baspas.c(1094,14): warning C4311: 'type cast': pointer truncation from 'FILE4SEQREADVB *' to 'unsigned int'
E:\GIT_Repositories\CodeBase-for-DBF\WorkingSource\c4baspas.c(1094,14): warning C4302: 'type cast': truncation from 'FILE4SEQREADVB *' to 'unsigned int'
E:\GIT_Repositories\CodeBase-for-DBF\WorkingSource\c4baspas.c(1118,14): warning C4311: 'type cast': pointer truncation from 'FILE4SEQWRITEVB *' to 'unsigned int'
E:\GIT_Repositories\CodeBase-for-DBF\WorkingSource\c4baspas.c(1118,14): warning C4302: 'type cast': truncation from 'FILE4SEQWRITEVB *' to 'unsigned int'
E:\GIT_Repositories\CodeBase-for-DBF\WorkingSource\c4baspas.c(1136,17): warning C4311: 'type cast': pointer truncation from 'FILE4 *' to 'unsigned int'
E:\GIT_Repositories\CodeBase-for-DBF\WorkingSource\c4baspas.c(1136,17): warning C4302: 'type cast': truncation from 'FILE4 *' to 'unsigned int'
E:\GIT_Repositories\CodeBase-for-DBF\WorkingSource\c4baspas.c(1148,17): warning C4311: 'type cast': pointer truncation from 'FILE4 *' to 'unsigned int'
E:\GIT_Repositories\CodeBase-for-DBF\WorkingSource\c4baspas.c(1148,17): warning C4302: 'type cast': truncation from 'FILE4 *' to 'unsigned int'
E:\GIT_Repositories\CodeBase-for-DBF\WorkingSource\c4baspas.c(1235,23): warning C4267: 'return': conversion from 'size_t' to 'int', possible loss of data
E:\GIT_Repositories\CodeBase-for-DBF\WorkingSource\c4baspas.c(1736,27): warning C4267: 'initializing': conversion from 'size_t' to 'int', possible loss of data
E:\GIT_Repositories\CodeBase-for-DBF\WorkingSource\c4baspas.c(1758,27): warning C4267: 'initializing': conversion from 'size_t' to 'int', possible loss of data
E:\GIT_Repositories\CodeBase-for-DBF\WorkingSource\c4baspas.c(1853,27): warning C4267: 'initializing': conversion from 'size_t' to 'int', possible loss of data
E:\GIT_Repositories\CodeBase-for-DBF\WorkingSource\c4baspas.c(1938,22): warning C4267: 'argument': conversion from 'size_t' to 'long', possible loss of data
E:\GIT_Repositories\CodeBase-for-DBF\WorkingSource\c4baspas.c(2114,27): warning C4267: 'initializing': conversion from 'size_t' to 'int', possible loss of data
E:\GIT_Repositories\CodeBase-for-DBF\WorkingSource\c4baspas.c(2164,27): warning C4267: 'initializing': conversion from 'size_t' to 'int', possible loss of data
E:\GIT_Repositories\CodeBase-for-DBF\WorkingSource\c4baspas.c(2186,27): warning C4267: 'initializing': conversion from 'size_t' to 'int', possible loss of data
E:\GIT_Repositories\CodeBase-for-DBF\WorkingSource\c4baspas.c(2359,27): warning C4267: 'initializing': conversion from 'size_t' to 'int', possible loss of data
E:\GIT_Repositories\CodeBase-for-DBF\WorkingSource\c4baspas.c(2488,36): warning C4267: 'initializing': conversion from 'size_t' to 'unsigned int', possible loss of data
E:\GIT_Repositories\CodeBase-for-DBF\WorkingSource\c4baspas.c(2524,27): warning C4267: 'initializing': conversion from 'size_t' to 'int', possible loss of data
E:\GIT_Repositories\CodeBase-for-DBF\WorkingSource\c4baspas.c(2547,36): warning C4267: 'initializing': conversion from 'size_t' to 'unsigned int', possible loss of data
E:\GIT_Repositories\CodeBase-for-DBF\WorkingSource\c4baspas.c(2690,27): warning C4267: 'initializing': conversion from 'size_t' to 'int', possible loss of data
E:\GIT_Repositories\CodeBase-for-DBF\WorkingSource\c4baspas.c(2766,26): warning C4267: 'argument': conversion from 'size_t' to 'long', possible loss of data
E:\GIT_Repositories\CodeBase-for-DBF\WorkingSource\c4baspas.c(2792,30): warning C4267: 'argument': conversion from 'size_t' to 'long', possible loss of data
E:\GIT_Repositories\CodeBase-for-DBF\WorkingSource\c4baspas.c(2820,32): warning C4267: 'argument': conversion from 'size_t' to 'long', possible loss of data
E:\GIT_Repositories\CodeBase-for-DBF\WorkingSource\c4baspas.c(3004,30): warning C4267: 'initializing': conversion from 'size_t' to 'int', possible loss of data
  c4send.c
  c4set.c
E:\GIT_Repositories\CodeBase-for-DBF\WorkingSource\c4set.c(32,18): warning C4267: 'initializing': conversion from 'size_t' to 'int', possible loss of data
  f4find.cpp
  i4conv.c
  Generating Code...
D:\VisualStudio2022\MSBuild\Microsoft\VC\v170\Microsoft.CppBuild.targets(1402,5): warning MSB8012: TargetPath(E:\GIT_Repositories\CodeBase-for-DBF\build\MVStudio_2022_Project_VFP_STAND_ALONE_64\C4dll.dll) does not match the Linker's OutputFile property value (E:\GIT_Repositories\CodeBase-for-DBF\build\MVStudio_2022_Project_VFP_STAND_ALONE_64\C4dll64.dll). This may cause your project to build incorrectly. To correct this, please make sure that $(OutDir), $(TargetName) and $(TargetExt) property values match the value specified in %(Link.OutputFile).
D:\VisualStudio2022\MSBuild\Microsoft\VC\v170\Microsoft.CppBuild.targets(1404,5): warning MSB8012: TargetName(C4dll) does not match the Linker's OutputFile property value (C4dll64). This may cause your project to build incorrectly. To correct this, please make sure that $(OutDir), $(TargetName) and $(TargetExt) property values match the value specified in %(Link.OutputFile).
..\..\WorkingSource\c4dll32.def(1): warning LNK4017: DESCRIPTION statement not supported for the target platform; ignored
     Creating library C4dll64.lib and object C4dll64.exp
  C4dll.vcxproj -> E:\GIT_Repositories\CodeBase-for-DBF\build\MVStudio_2022_Project_VFP_STAND_ALONE_64\C4dll.dll
